<?xml version="1.0" encoding="utf-8"?>
<!DOCTYPE coverage SYSTEM "http://cobertura.sourceforge.net/xml/coverage-04.dtd">
<coverage line-rate="0.8108108108108109" branch-rate="0.628099173553719" lines-covered="900" lines-valid="1110" branches-covered="152" branches-valid="242" complexity="396" version="0" timestamp="1779029678">
  <sources>
    <source>/Users/carlosalexandre/pos/oficinaops-os-service/src/</source>
  </sources>
  <packages>
    <package name="OSService.Api" line-rate="0.7016129032258065" branch-rate="0.35" complexity="28">
      <classes>
        <class name="OSService.Api.Controllers.OrdemDeServicoController" filename="/Users/carlosalexandre/pos/oficinaops-os-service/src/OSService.Api/Controllers/OrdemDeServicoController.cs" line-rate="0.8181818181818182" branch-rate="0.3333333333333333" complexity="17">
          <methods>
            <method name=".ctor" signature="(OSService.Application.Interfaces.IOrdemDeServicoAppService,Microsoft.Extensions.Logging.ILogger`1&lt;OSService.Api.Controllers.OrdemDeServicoController&gt;)" line-rate="1" branch-rate="1" complexity="1">
              <lines>
                <line number="18" hits="15" branch="false" />
                <line number="19" hits="15" branch="false" />
                <line number="20" hits="15" branch="false" />
                <line number="21" hits="15" branch="false" />
                <line number="22" hits="15" branch="false" />
                <line number="23" hits="15" branch="false" />
                <line number="24" hits="15" branch="false" />
              </lines>
            </method>
            <method name="ConcluirDiagnostico" signature="()" line-rate="0.5555555555555556" branch-rate="0" complexity="2">
              <lines>
                <line number="99" hits="1" branch="false" />
                <line number="101" hits="1" branch="false" />
                <line number="102" hits="1" branch="false" />
                <line number="103" hits="1" branch="false" />
                <line number="105" hits="0" branch="false" />
                <line number="106" hits="0" branch="false" />
                <line number="107" hits="0" branch="false" />
                <line number="108" hits="0" branch="true" condition-coverage="0% (0/2)" />
                <line number="110" hits="1" branch="false" />
              </lines>
            </method>
            <method name="Criar" signature="()" line-rate="1" branch-rate="1" complexity="1">
              <lines>
                <line number="30" hits="2" branch="false" />
                <line number="32" hits="2" branch="false" />
                <line number="33" hits="2" branch="false" />
                <line number="34" hits="1" branch="false" />
                <line number="36" hits="1" branch="false" />
                <line number="37" hits="1" branch="false" />
                <line number="38" hits="1" branch="false" />
                <line number="39" hits="1" branch="false" />
                <line number="41" hits="2" branch="false" />
              </lines>
            </method>
            <method name="Entregar" signature="()" line-rate="0.5555555555555556" branch-rate="0" complexity="2">
              <lines>
                <line number="153" hits="1" branch="false" />
                <line number="155" hits="1" branch="false" />
                <line number="156" hits="1" branch="false" />
                <line number="157" hits="1" branch="false" />
                <line number="159" hits="0" branch="false" />
                <line number="160" hits="0" branch="false" />
                <line number="161" hits="0" branch="false" />
                <line number="162" hits="0" branch="true" condition-coverage="0% (0/2)" />
                <line number="164" hits="1" branch="false" />
              </lines>
            </method>
            <method name="FinalizarExecucao" signature="()" line-rate="0.5555555555555556" branch-rate="0" complexity="2">
              <lines>
                <line number="135" hits="1" branch="false" />
                <line number="137" hits="1" branch="false" />
                <line number="138" hits="1" branch="false" />
                <line number="139" hits="1" branch="false" />
                <line number="141" hits="0" branch="false" />
                <line number="142" hits="0" branch="false" />
                <line number="143" hits="0" branch="false" />
                <line number="144" hits="0" branch="true" condition-coverage="0% (0/2)" />
                <line number="146" hits="1" branch="false" />
              </lines>
            </method>
            <method name="IniciarDiagnostico" signature="()" line-rate="0.8888888888888888" branch-rate="0.5" complexity="2">
              <lines>
                <line number="81" hits="1" branch="false" />
                <line number="83" hits="1" branch="false" />
                <line number="84" hits="1" branch="false" />
                <line number="85" hits="0" branch="false" />
                <line number="87" hits="1" branch="false" />
                <line number="88" hits="1" branch="false" />
                <line number="89" hits="1" branch="false" />
                <line number="90" hits="1" branch="true" condition-coverage="50% (1/2)" />
                <line number="92" hits="1" branch="false" />
              </lines>
            </method>
            <method name="IniciarExecucao" signature="()" line-rate="0.8888888888888888" branch-rate="0.5" complexity="2">
              <lines>
                <line number="117" hits="1" branch="false" />
                <line number="119" hits="1" branch="false" />
                <line number="120" hits="1" branch="false" />
                <line number="121" hits="0" branch="false" />
                <line number="123" hits="1" branch="false" />
                <line number="124" hits="1" branch="false" />
                <line number="125" hits="1" branch="false" />
                <line number="126" hits="1" branch="true" condition-coverage="50% (1/2)" />
                <line number="128" hits="1" branch="false" />
              </lines>
            </method>
            <method name="Listar" signature="()" line-rate="1" branch-rate="1" complexity="1">
              <lines>
                <line number="55" hits="1" branch="false" />
                <line number="56" hits="1" branch="false" />
                <line number="57" hits="1" branch="false" />
                <line number="58" hits="1" branch="false" />
              </lines>
            </method>
            <method name="ListarPorCliente" signature="()" line-rate="1" branch-rate="1" complexity="1">
              <lines>
                <line number="71" hits="1" branch="false" />
                <line number="72" hits="1" branch="false" />
                <line number="73" hits="1" branch="false" />
                <line number="74" hits="1" branch="false" />
              </lines>
            </method>
            <method name="ListarPorStatus" signature="()" line-rate="1" branch-rate="1" complexity="1">
              <lines>
                <line number="63" hits="1" branch="false" />
                <line number="64" hits="1" branch="false" />
                <line number="65" hits="1" branch="false" />
                <line number="66" hits="1" branch="false" />
              </lines>
            </method>
            <method name="ObterPorId" signature="()" line-rate="1" branch-rate="1" complexity="2">
              <lines>
                <line number="47" hits="5" branch="false" />
                <line number="48" hits="5" branch="false" />
                <line number="49" hits="5" branch="true" condition-coverage="100% (2/2)" />
                <line number="50" hits="5" branch="false" />
              </lines>
            </method>
          </methods>
          <lines>
            <line number="18" hits="15" branch="false" />
            <line number="19" hits="15" branch="false" />
            <line number="20" hits="15" branch="false" />
            <line number="21" hits="15" branch="false" />
            <line number="22" hits="15" branch="false" />
            <line number="23" hits="15" branch="false" />
            <line number="24" hits="15" branch="false" />
            <line number="30" hits="2" branch="false" />
            <line number="32" hits="2" branch="false" />
            <line number="33" hits="2" branch="false" />
            <line number="34" hits="1" branch="false" />
            <line number="36" hits="1" branch="false" />
            <line number="37" hits="1" branch="false" />
            <line number="38" hits="1" branch="false" />
            <line number="39" hits="1" branch="false" />
            <line number="41" hits="2" branch="false" />
            <line number="47" hits="5" branch="false" />
            <line number="48" hits="5" branch="false" />
            <line number="49" hits="5" branch="true" condition-coverage="100% (2/2)" />
            <line number="50" hits="5" branch="false" />
            <line number="55" hits="1" branch="false" />
            <line number="56" hits="1" branch="false" />
            <line number="57" hits="1" branch="false" />
            <line number="58" hits="1" branch="false" />
            <line number="63" hits="1" branch="false" />
            <line number="64" hits="1" branch="false" />
            <line number="65" hits="1" branch="false" />
            <line number="66" hits="1" branch="false" />
            <line number="71" hits="1" branch="false" />
            <line number="72" hits="1" branch="false" />
            <line number="73" hits="1" branch="false" />
            <line number="74" hits="1" branch="false" />
            <line number="81" hits="1" branch="false" />
            <line number="83" hits="1" branch="false" />
            <line number="84" hits="1" branch="false" />
            <line number="85" hits="0" branch="false" />
            <line number="87" hits="1" branch="false" />
            <line number="88" hits="1" branch="false" />
            <line number="89" hits="1" branch="false" />
            <line number="90" hits="1" branch="true" condition-coverage="50% (1/2)" />
            <line number="92" hits="1" branch="false" />
            <line number="99" hits="1" branch="false" />
            <line number="101" hits="1" branch="false" />
            <line number="102" hits="1" branch="false" />
            <line number="103" hits="1" branch="false" />
            <line number="105" hits="0" branch="false" />
            <line number="106" hits="0" branch="false" />
            <line number="107" hits="0" branch="false" />
            <line number="108" hits="0" branch="true" condition-coverage="0% (0/2)" />
            <line number="110" hits="1" branch="false" />
            <line number="117" hits="1" branch="false" />
            <line number="119" hits="1" branch="false" />
            <line number="120" hits="1" branch="false" />
            <line number="121" hits="0" branch="false" />
            <line number="123" hits="1" branch="false" />
            <line number="124" hits="1" branch="false" />
            <line number="125" hits="1" branch="false" />
            <line number="126" hits="1" branch="true" condition-coverage="50% (1/2)" />
            <line number="128" hits="1" branch="false" />
            <line number="135" hits="1" branch="false" />
            <line number="137" hits="1" branch="false" />
            <line number="138" hits="1" branch="false" />
            <line number="139" hits="1" branch="false" />
            <line number="141" hits="0" branch="false" />
            <line number="142" hits="0" branch="false" />
            <line number="143" hits="0" branch="false" />
            <line number="144" hits="0" branch="true" condition-coverage="0% (0/2)" />
            <line number="146" hits="1" branch="false" />
            <line number="153" hits="1" branch="false" />
            <line number="155" hits="1" branch="false" />
            <line number="156" hits="1" branch="false" />
            <line number="157" hits="1" branch="false" />
            <line number="159" hits="0" branch="false" />
            <line number="160" hits="0" branch="false" />
            <line number="161" hits="0" branch="false" />
            <line number="162" hits="0" branch="true" condition-coverage="0% (0/2)" />
            <line number="164" hits="1" branch="false" />
          </lines>
        </class>
        <class name="OSService.Api.Middleware.CorrelationIdMiddleware" filename="/Users/carlosalexandre/pos/oficinaops-os-service/src/OSService.Api/Middleware/CorrelationIdMiddleware.cs" line-rate="1" branch-rate="1" complexity="3">
          <methods>
            <method name=".ctor" signature="(Microsoft.AspNetCore.Http.RequestDelegate)" line-rate="1" branch-rate="1" complexity="1">
              <lines>
                <line number="8" hits="1" branch="false" />
                <line number="9" hits="1" branch="false" />
                <line number="10" hits="1" branch="false" />
                <line number="11" hits="1" branch="false" />
              </lines>
            </method>
            <method name="InvokeAsync" signature="()" line-rate="1" branch-rate="1" complexity="2">
              <lines>
                <line number="14" hits="15" branch="false" />
                <line number="15" hits="15" branch="true" condition-coverage="100% (2/2)" />
                <line number="16" hits="15" branch="false" />
                <line number="18" hits="15" branch="false" />
                <line number="19" hits="15" branch="false" />
                <line number="21" hits="15" branch="false" />
                <line number="22" hits="15" branch="false" />
                <line number="23" hits="15" branch="false" />
                <line number="24" hits="15" branch="false" />
                <line number="25" hits="15" branch="false" />
              </lines>
            </method>
          </methods>
          <lines>
            <line number="8" hits="1" branch="false" />
            <line number="9" hits="1" branch="false" />
            <line number="10" hits="1" branch="false" />
            <line number="11" hits="1" branch="false" />
            <line number="14" hits="15" branch="false" />
            <line number="15" hits="15" branch="true" condition-coverage="100% (2/2)" />
            <line number="16" hits="15" branch="false" />
            <line number="18" hits="15" branch="false" />
            <line number="19" hits="15" branch="false" />
            <line number="21" hits="15" branch="false" />
            <line number="22" hits="15" branch="false" />
            <line number="23" hits="15" branch="false" />
            <line number="24" hits="15" branch="false" />
            <line number="25" hits="15" branch="false" />
          </lines>
        </class>
        <class name="OSService.Api.Middleware.GlobalExceptionHandlerMiddleware" filename="/Users/carlosalexandre/pos/oficinaops-os-service/src/OSService.Api/Middleware/GlobalExceptionHandlerMiddleware.cs" line-rate="0.30303030303030304" branch-rate="0.16666666666666666" complexity="8">
          <methods>
            <method name=".ctor" signature="(Microsoft.AspNetCore.Http.RequestDelegate,Microsoft.Extensions.Logging.ILogger`1&lt;OSService.Api.Middleware.GlobalExceptionHandlerMiddleware&gt;)" line-rate="1" branch-rate="1" complexity="1">
              <lines>
                <line number="11" hits="1" branch="false" />
                <line number="12" hits="1" branch="false" />
                <line number="13" hits="1" branch="false" />
                <line number="14" hits="1" branch="false" />
                <line number="15" hits="1" branch="false" />
              </lines>
            </method>
            <method name="EscreverRespostaAsync" signature="()" line-rate="0" branch-rate="1" complexity="1">
              <lines>
                <line number="43" hits="0" branch="false" />
                <line number="44" hits="0" branch="false" />
                <line number="45" hits="0" branch="false" />
                <line number="47" hits="0" branch="false" />
                <line number="48" hits="0" branch="false" />
                <line number="49" hits="0" branch="false" />
              </lines>
            </method>
            <method name="InvokeAsync" signature="()" line-rate="0.22727272727272727" branch-rate="0.16666666666666666" complexity="6">
              <lines>
                <line number="18" hits="15" branch="false" />
                <line number="20" hits="15" branch="false" />
                <line number="21" hits="15" branch="false" />
                <line number="22" hits="15" branch="false" />
                <line number="23" hits="0" branch="false" />
                <line number="24" hits="0" branch="false" />
                <line number="25" hits="0" branch="false" />
                <line number="26" hits="0" branch="false" />
                <line number="27" hits="0" branch="false" />
                <line number="28" hits="0" branch="false" />
                <line number="29" hits="0" branch="false" />
                <line number="30" hits="0" branch="false" />
                <line number="31" hits="0" branch="false" />
                <line number="32" hits="0" branch="false" />
                <line number="33" hits="0" branch="true" condition-coverage="25% (1/4)" />
                <line number="34" hits="0" branch="false" />
                <line number="35" hits="0" branch="true" condition-coverage="0% (0/2)" />
                <line number="36" hits="0" branch="false" />
                <line number="37" hits="0" branch="false" />
                <line number="38" hits="0" branch="false" />
                <line number="39" hits="0" branch="false" />
                <line number="40" hits="15" branch="false" />
              </lines>
            </method>
          </methods>
          <lines>
            <line number="11" hits="1" branch="false" />
            <line number="12" hits="1" branch="false" />
            <line number="13" hits="1" branch="false" />
            <line number="14" hits="1" branch="false" />
            <line number="15" hits="1" branch="false" />
            <line number="18" hits="15" branch="false" />
            <line number="20" hits="15" branch="false" />
            <line number="21" hits="15" branch="false" />
            <line number="22" hits="15" branch="false" />
            <line number="23" hits="0" branch="false" />
            <line number="24" hits="0" branch="false" />
            <line number="25" hits="0" branch="false" />
            <line number="26" hits="0" branch="false" />
            <line number="27" hits="0" branch="false" />
            <line number="28" hits="0" branch="false" />
            <line number="29" hits="0" branch="false" />
            <line number="30" hits="0" branch="false" />
            <line number="31" hits="0" branch="false" />
            <line number="32" hits="0" branch="false" />
            <line number="33" hits="0" branch="true" condition-coverage="25% (1/4)" />
            <line number="34" hits="0" branch="false" />
            <line number="35" hits="0" branch="true" condition-coverage="0% (0/2)" />
            <line number="36" hits="0" branch="false" />
            <line number="37" hits="0" branch="false" />
            <line number="38" hits="0" branch="false" />
            <line number="39" hits="0" branch="false" />
            <line number="40" hits="15" branch="false" />
            <line number="43" hits="0" branch="false" />
            <line number="44" hits="0" branch="false" />
            <line number="45" hits="0" branch="false" />
            <line number="47" hits="0" branch="false" />
            <line number="48" hits="0" branch="false" />
            <line number="49" hits="0" branch="false" />
          </lines>
        </class>
      </classes>
    </package>
    <package name="OSService.Application" line-rate="0.9635416666666666" branch-rate="0.78125" complexity="78">
      <classes>
        <class name="OSService.Application.DTOs.AtualizarStatusDto" filename="/Users/carlosalexandre/pos/oficinaops-os-service/src/OSService.Application/DTOs/AtualizarStatusDto.cs" line-rate="0" branch-rate="1" complexity="2">
          <methods>
            <method name="get_NovoStatus" signature="()" line-rate="0" branch-rate="1" complexity="1">
              <lines>
                <line number="10" hits="0" branch="false" />
              </lines>
            </method>
            <method name="get_Observacao" signature="()" line-rate="0" branch-rate="1" complexity="1">
              <lines>
                <line number="11" hits="0" branch="false" />
              </lines>
            </method>
          </methods>
          <lines>
            <line number="10" hits="0" branch="false" />
            <line number="11" hits="0" branch="false" />
          </lines>
        </class>
        <class name="OSService.Application.DTOs.CriarOrdemDeServicoDto" filename="/Users/carlosalexandre/pos/oficinaops-os-service/src/OSService.Application/DTOs/CriarOrdemDeServicoDto.cs" line-rate="1" branch-rate="1" complexity="4">
          <methods>
            <method name="get_ClienteId" signature="()" line-rate="1" branch-rate="1" complexity="1">
              <lines>
                <line number="8" hits="20" branch="false" />
              </lines>
            </method>
            <method name="get_VeiculoId" signature="()" line-rate="1" branch-rate="1" complexity="1">
              <lines>
                <line number="9" hits="17" branch="false" />
              </lines>
            </method>
            <method name="get_Pecas" signature="()" line-rate="1" branch-rate="1" complexity="1">
              <lines>
                <line number="10" hits="17" branch="false" />
              </lines>
            </method>
            <method name="get_Servicos" signature="()" line-rate="1" branch-rate="1" complexity="1">
              <lines>
                <line number="11" hits="18" branch="false" />
              </lines>
            </method>
          </methods>
          <lines>
            <line number="8" hits="20" branch="false" />
            <line number="9" hits="17" branch="false" />
            <line number="10" hits="17" branch="false" />
            <line number="11" hits="18" branch="false" />
          </lines>
        </class>
        <class name="OSService.Application.DTOs.CriarPecaDto" filename="/Users/carlosalexandre/pos/oficinaops-os-service/src/OSService.Application/DTOs/CriarOrdemDeServicoDto.cs" line-rate="1" branch-rate="1" complexity="4">
          <methods>
            <method name="get_PecaId" signature="()" line-rate="1" branch-rate="1" complexity="1">
              <lines>
                <line number="16" hits="5" branch="false" />
              </lines>
            </method>
            <method name="get_Nome" signature="()" line-rate="1" branch-rate="1" complexity="1">
              <lines>
                <line number="17" hits="7" branch="false" />
              </lines>
            </method>
            <method name="get_Quantidade" signature="()" line-rate="1" branch-rate="1" complexity="1">
              <lines>
                <line number="18" hits="5" branch="false" />
              </lines>
            </method>
            <method name="get_PrecoUnitario" signature="()" line-rate="1" branch-rate="1" complexity="1">
              <lines>
                <line number="19" hits="5" branch="false" />
              </lines>
            </method>
          </methods>
          <lines>
            <line number="16" hits="5" branch="false" />
            <line number="17" hits="7" branch="false" />
            <line number="18" hits="5" branch="false" />
            <line number="19" hits="5" branch="false" />
          </lines>
        </class>
        <class name="OSService.Application.DTOs.CriarServicoDto" filename="/Users/carlosalexandre/pos/oficinaops-os-service/src/OSService.Application/DTOs/CriarOrdemDeServicoDto.cs" line-rate="1" branch-rate="1" complexity="3">
          <methods>
            <method name="get_ServicoId" signature="()" line-rate="1" branch-rate="1" complexity="1">
              <lines>
                <line number="24" hits="7" branch="false" />
              </lines>
            </method>
            <method name="get_Nome" signature="()" line-rate="1" branch-rate="1" complexity="1">
              <lines>
                <line number="25" hits="10" branch="false" />
              </lines>
            </method>
            <method name="get_Preco" signature="()" line-rate="1" branch-rate="1" complexity="1">
              <lines>
                <line number="26" hits="7" branch="false" />
              </lines>
            </method>
          </methods>
          <lines>
            <line number="24" hits="7" branch="false" />
            <line number="25" hits="10" branch="false" />
            <line number="26" hits="7" branch="false" />
          </lines>
        </class>
        <class name="OSService.Application.DTOs.OrdemDeServicoDto" filename="/Users/carlosalexandre/pos/oficinaops-os-service/src/OSService.Application/DTOs/OrdemDeServicoDto.cs" line-rate="1" branch-rate="1" complexity="14">
          <methods>
            <method name="get_Id" signature="()" line-rate="1" branch-rate="1" complexity="1">
              <lines>
                <line number="10" hits="20" branch="false" />
              </lines>
            </method>
            <method name="get_ClienteId" signature="()" line-rate="1" branch-rate="1" complexity="1">
              <lines>
                <line number="11" hits="18" branch="false" />
              </lines>
            </method>
            <method name="get_ClienteNome" signature="()" line-rate="1" branch-rate="1" complexity="1">
              <lines>
                <line number="12" hits="16" branch="false" />
              </lines>
            </method>
            <method name="get_VeiculoId" signature="()" line-rate="1" branch-rate="1" complexity="1">
              <lines>
                <line number="13" hits="17" branch="false" />
              </lines>
            </method>
            <method name="get_VeiculoModelo" signature="()" line-rate="1" branch-rate="1" complexity="1">
              <lines>
                <line number="14" hits="16" branch="false" />
              </lines>
            </method>
            <method name="get_VeiculoPlaca" signature="()" line-rate="1" branch-rate="1" complexity="1">
              <lines>
                <line number="15" hits="16" branch="false" />
              </lines>
            </method>
            <method name="get_Status" signature="()" line-rate="1" branch-rate="1" complexity="1">
              <lines>
                <line number="16" hits="21" branch="false" />
              </lines>
            </method>
            <method name="get_CustoTotal" signature="()" line-rate="1" branch-rate="1" complexity="1">
              <lines>
                <line number="17" hits="17" branch="false" />
              </lines>
            </method>
            <method name="get_DataCriacao" signature="()" line-rate="1" branch-rate="1" complexity="1">
              <lines>
                <line number="18" hits="16" branch="false" />
              </lines>
            </method>
            <method name="get_DataInicioExecucao" signature="()" line-rate="1" branch-rate="1" complexity="1">
              <lines>
                <line number="19" hits="16" branch="false" />
              </lines>
            </method>
            <method name="get_DataFinalizacao" signature="()" line-rate="1" branch-rate="1" complexity="1">
              <lines>
                <line number="20" hits="16" branch="false" />
              </lines>
            </method>
            <method name="get_DataConclusao" signature="()" line-rate="1" branch-rate="1" complexity="1">
              <lines>
                <line number="21" hits="16" branch="false" />
              </lines>
            </method>
            <method name="get_Pecas" signature="()" line-rate="1" branch-rate="1" complexity="1">
              <lines>
                <line number="22" hits="27" branch="false" />
              </lines>
            </method>
            <method name="get_Servicos" signature="()" line-rate="1" branch-rate="1" complexity="1">
              <lines>
                <line number="23" hits="27" branch="false" />
              </lines>
            </method>
          </methods>
          <lines>
            <line number="10" hits="20" branch="false" />
            <line number="11" hits="18" branch="false" />
            <line number="12" hits="16" branch="false" />
            <line number="13" hits="17" branch="false" />
            <line number="14" hits="16" branch="false" />
            <line number="15" hits="16" branch="false" />
            <line number="16" hits="21" branch="false" />
            <line number="17" hits="17" branch="false" />
            <line number="18" hits="16" branch="false" />
            <line number="19" hits="16" branch="false" />
            <line number="20" hits="16" branch="false" />
            <line number="21" hits="16" branch="false" />
            <line number="22" hits="27" branch="false" />
            <line number="23" hits="27" branch="false" />
          </lines>
        </class>
        <class name="OSService.Application.DTOs.OrdemDeServicoListaDto" filename="/Users/carlosalexandre/pos/oficinaops-os-service/src/OSService.Application/DTOs/AtualizarStatusDto.cs" line-rate="1" branch-rate="1" complexity="7">
          <methods>
            <method name="get_Id" signature="()" line-rate="1" branch-rate="1" complexity="1">
              <lines>
                <line number="19" hits="41" branch="false" />
              </lines>
            </method>
            <method name="get_ClienteNome" signature="()" line-rate="1" branch-rate="1" complexity="1">
              <lines>
                <line number="20" hits="29" branch="false" />
              </lines>
            </method>
            <method name="get_VeiculoModelo" signature="()" line-rate="1" branch-rate="1" complexity="1">
              <lines>
                <line number="21" hits="29" branch="false" />
              </lines>
            </method>
            <method name="get_VeiculoPlaca" signature="()" line-rate="1" branch-rate="1" complexity="1">
              <lines>
                <line number="22" hits="29" branch="false" />
              </lines>
            </method>
            <method name="get_Status" signature="()" line-rate="1" branch-rate="1" complexity="1">
              <lines>
                <line number="23" hits="29" branch="false" />
              </lines>
            </method>
            <method name="get_CustoTotal" signature="()" line-rate="1" branch-rate="1" complexity="1">
              <lines>
                <line number="24" hits="29" branch="false" />
              </lines>
            </method>
            <method name="get_DataCriacao" signature="()" line-rate="1" branch-rate="1" complexity="1">
              <lines>
                <line number="25" hits="29" branch="false" />
              </lines>
            </method>
          </methods>
          <lines>
            <line number="19" hits="41" branch="false" />
            <line number="20" hits="29" branch="false" />
            <line number="21" hits="29" branch="false" />
            <line number="22" hits="29" branch="false" />
            <line number="23" hits="29" branch="false" />
            <line number="24" hits="29" branch="false" />
            <line number="25" hits="29" branch="false" />
          </lines>
        </class>
        <class name="OSService.Application.DTOs.PecaDto" filename="/Users/carlosalexandre/pos/oficinaops-os-service/src/OSService.Application/DTOs/OrdemDeServicoDto.cs" line-rate="1" branch-rate="1" complexity="5">
          <methods>
            <method name="get_PecaId" signature="()" line-rate="1" branch-rate="1" complexity="1">
              <lines>
                <line number="28" hits="6" branch="false" />
              </lines>
            </method>
            <method name="get_Nome" signature="()" line-rate="1" branch-rate="1" complexity="1">
              <lines>
                <line number="29" hits="10" branch="false" />
              </lines>
            </method>
            <method name="get_Quantidade" signature="()" line-rate="1" branch-rate="1" complexity="1">
              <lines>
                <line number="30" hits="6" branch="false" />
              </lines>
            </method>
            <method name="get_Preco" signature="()" line-rate="1" branch-rate="1" complexity="1">
              <lines>
                <line number="31" hits="6" branch="false" />
              </lines>
            </method>
            <method name="get_Subtotal" signature="()" line-rate="1" branch-rate="1" complexity="1">
              <lines>
                <line number="32" hits="6" branch="false" />
              </lines>
            </method>
          </methods>
          <lines>
            <line number="28" hits="6" branch="false" />
            <line number="29" hits="10" branch="false" />
            <line number="30" hits="6" branch="false" />
            <line number="31" hits="6" branch="false" />
            <line number="32" hits="6" branch="false" />
          </lines>
        </class>
        <class name="OSService.Application.DTOs.ServicoDto" filename="/Users/carlosalexandre/pos/oficinaops-os-service/src/OSService.Application/DTOs/OrdemDeServicoDto.cs" line-rate="1" branch-rate="1" complexity="3">
          <methods>
            <method name="get_ServicoId" signature="()" line-rate="1" branch-rate="1" complexity="1">
              <lines>
                <line number="37" hits="7" branch="false" />
              </lines>
            </method>
            <method name="get_Nome" signature="()" line-rate="1" branch-rate="1" complexity="1">
              <lines>
                <line number="38" hits="12" branch="false" />
              </lines>
            </method>
            <method name="get_Preco" signature="()" line-rate="1" branch-rate="1" complexity="1">
              <lines>
                <line number="39" hits="7" branch="false" />
              </lines>
            </method>
          </methods>
          <lines>
            <line number="37" hits="7" branch="false" />
            <line number="38" hits="12" branch="false" />
            <line number="39" hits="7" branch="false" />
          </lines>
        </class>
        <class name="OSService.Application.Services.OrdemDeServicoAppService" filename="/Users/carlosalexandre/pos/oficinaops-os-service/src/OSService.Application/Services/OrdemDeServicoAppService.cs" line-rate="0.9666666666666667" branch-rate="0.78125" complexity="36">
          <methods>
            <method name="MapearParaDto" signature="(OSService.Domain.Entities.OrdemDeServico)" line-rate="1" branch-rate="0.5" complexity="6">
              <lines>
                <line number="173" hits="6" branch="false" />
                <line number="174" hits="6" branch="true" condition-coverage="50% (3/6)" />
                <line number="175" hits="6" branch="false" />
                <line number="176" hits="6" branch="false" />
                <line number="177" hits="6" branch="false" />
                <line number="178" hits="6" branch="false" />
                <line number="179" hits="6" branch="false" />
                <line number="180" hits="6" branch="false" />
                <line number="181" hits="6" branch="false" />
                <line number="182" hits="6" branch="false" />
                <line number="183" hits="6" branch="false" />
                <line number="184" hits="6" branch="false" />
                <line number="185" hits="6" branch="false" />
                <line number="186" hits="6" branch="false" />
                <line number="187" hits="6" branch="false" />
                <line number="188" hits="2" branch="false" />
                <line number="189" hits="2" branch="false" />
                <line number="190" hits="2" branch="false" />
                <line number="191" hits="2" branch="false" />
                <line number="192" hits="2" branch="false" />
                <line number="193" hits="2" branch="false" />
                <line number="194" hits="2" branch="false" />
                <line number="195" hits="2" branch="false" />
                <line number="196" hits="3" branch="false" />
                <line number="197" hits="3" branch="false" />
                <line number="198" hits="3" branch="false" />
                <line number="199" hits="3" branch="false" />
                <line number="200" hits="3" branch="false" />
                <line number="201" hits="3" branch="false" />
                <line number="202" hits="6" branch="false" />
                <line number="203" hits="6" branch="false" />
              </lines>
            </method>
            <method name="MapearParaListaDto" signature="(OSService.Domain.Entities.OrdemDeServico)" line-rate="1" branch-rate="1" complexity="6">
              <lines>
                <line number="206" hits="11" branch="false" />
                <line number="207" hits="11" branch="true" condition-coverage="100% (6/6)" />
                <line number="208" hits="11" branch="false" />
                <line number="209" hits="11" branch="false" />
                <line number="210" hits="11" branch="false" />
                <line number="211" hits="11" branch="false" />
                <line number="212" hits="11" branch="false" />
                <line number="213" hits="11" branch="false" />
                <line number="214" hits="11" branch="false" />
                <line number="215" hits="11" branch="false" />
                <line number="216" hits="11" branch="false" />
                <line number="217" hits="11" branch="false" />
              </lines>
            </method>
            <method name=".ctor" signature="(OSService.Domain.Repositories.IOrdemDeServicoRepository,OSService.Domain.Repositories.IClienteRepository,OSService.Domain.Repositories.IVeiculoRepository,OSService.Domain.Interfaces.IEventPublisher)" line-rate="1" branch-rate="1" complexity="1">
              <lines>
                <line number="19" hits="22" branch="false" />
                <line number="20" hits="22" branch="false" />
                <line number="21" hits="22" branch="false" />
                <line number="22" hits="22" branch="false" />
                <line number="23" hits="22" branch="false" />
                <line number="24" hits="22" branch="false" />
                <line number="25" hits="22" branch="false" />
                <line number="26" hits="22" branch="false" />
                <line number="27" hits="22" branch="false" />
                <line number="28" hits="22" branch="false" />
                <line number="29" hits="22" branch="false" />
              </lines>
            </method>
            <method name="ConcluirDiagnosticoAsync" signature="()" line-rate="1" branch-rate="0.5" complexity="2">
              <lines>
                <line number="117" hits="1" branch="false" />
                <line number="118" hits="1" branch="true" condition-coverage="50% (1/2)" />
                <line number="119" hits="1" branch="false" />
                <line number="121" hits="1" branch="false" />
                <line number="122" hits="1" branch="false" />
                <line number="123" hits="1" branch="false" />
                <line number="124" hits="1" branch="false" />
                <line number="126" hits="1" branch="false" />
                <line number="127" hits="1" branch="false" />
                <line number="128" hits="1" branch="false" />
              </lines>
            </method>
            <method name="CriarAsync" signature="()" line-rate="1" branch-rate="1" complexity="8">
              <lines>
                <line number="32" hits="5" branch="false" />
                <line number="34" hits="5" branch="false" />
                <line number="35" hits="5" branch="true" condition-coverage="100% (2/2)" />
                <line number="36" hits="2" branch="false" />
                <line number="38" hits="3" branch="false" />
                <line number="39" hits="3" branch="true" condition-coverage="100% (2/2)" />
                <line number="40" hits="1" branch="false" />
                <line number="43" hits="2" branch="false" />
                <line number="46" hits="8" branch="true" condition-coverage="100% (2/2)" />
                <line number="47" hits="1" branch="false" />
                <line number="48" hits="1" branch="false" />
                <line number="49" hits="1" branch="false" />
                <line number="50" hits="1" branch="false" />
                <line number="53" hits="10" branch="true" condition-coverage="100% (2/2)" />
                <line number="54" hits="2" branch="false" />
                <line number="55" hits="2" branch="false" />
                <line number="56" hits="2" branch="false" />
                <line number="57" hits="2" branch="false" />
                <line number="60" hits="3" branch="false" />
                <line number="61" hits="4" branch="false" />
                <line number="62" hits="2" branch="false" />
                <line number="65" hits="2" branch="false" />
                <line number="66" hits="2" branch="false" />
                <line number="69" hits="2" branch="false" />
                <line number="70" hits="2" branch="false" />
                <line number="71" hits="2" branch="false" />
                <line number="73" hits="2" branch="false" />
                <line number="74" hits="2" branch="false" />
              </lines>
            </method>
            <method name="EntregarAsync" signature="()" line-rate="1" branch-rate="0.5" complexity="2">
              <lines>
                <line number="159" hits="1" branch="false" />
                <line number="160" hits="1" branch="true" condition-coverage="50% (1/2)" />
                <line number="161" hits="1" branch="false" />
                <line number="163" hits="1" branch="false" />
                <line number="164" hits="1" branch="false" />
                <line number="165" hits="1" branch="false" />
                <line number="166" hits="1" branch="false" />
                <line number="168" hits="1" branch="false" />
                <line number="169" hits="1" branch="false" />
                <line number="170" hits="1" branch="false" />
              </lines>
            </method>
            <method name="FinalizarExecucaoAsync" signature="()" line-rate="1" branch-rate="0.5" complexity="2">
              <lines>
                <line number="145" hits="1" branch="false" />
                <line number="146" hits="1" branch="true" condition-coverage="50% (1/2)" />
                <line number="147" hits="1" branch="false" />
                <line number="149" hits="1" branch="false" />
                <line number="150" hits="1" branch="false" />
                <line number="151" hits="1" branch="false" />
                <line number="152" hits="1" branch="false" />
                <line number="154" hits="1" branch="false" />
                <line number="155" hits="1" branch="false" />
                <line number="156" hits="1" branch="false" />
              </lines>
            </method>
            <method name="IniciarDiagnosticoAsync" signature="()" line-rate="1" branch-rate="1" complexity="2">
              <lines>
                <line number="103" hits="3" branch="false" />
                <line number="104" hits="3" branch="true" condition-coverage="100% (2/2)" />
                <line number="105" hits="3" branch="false" />
                <line number="107" hits="1" branch="false" />
                <line number="108" hits="1" branch="false" />
                <line number="109" hits="1" branch="false" />
                <line number="110" hits="1" branch="false" />
                <line number="112" hits="1" branch="false" />
                <line number="113" hits="1" branch="false" />
                <line number="114" hits="1" branch="false" />
              </lines>
            </method>
            <method name="IniciarExecucaoAsync" signature="()" line-rate="0.5" branch-rate="0.5" complexity="2">
              <lines>
                <line number="131" hits="1" branch="false" />
                <line number="132" hits="1" branch="true" condition-coverage="50% (1/2)" />
                <line number="133" hits="1" branch="false" />
                <line number="135" hits="1" branch="false" />
                <line number="136" hits="1" branch="false" />
                <line number="137" hits="0" branch="false" />
                <line number="138" hits="0" branch="false" />
                <line number="140" hits="0" branch="false" />
                <line number="141" hits="0" branch="false" />
                <line number="142" hits="0" branch="false" />
              </lines>
            </method>
            <method name="ListarAsync" signature="()" line-rate="1" branch-rate="1" complexity="1">
              <lines>
                <line number="85" hits="1" branch="false" />
                <line number="86" hits="1" branch="false" />
                <line number="87" hits="1" branch="false" />
                <line number="88" hits="1" branch="false" />
              </lines>
            </method>
            <method name="ListarPorClienteAsync" signature="()" line-rate="1" branch-rate="1" complexity="1">
              <lines>
                <line number="97" hits="1" branch="false" />
                <line number="98" hits="1" branch="false" />
                <line number="99" hits="1" branch="false" />
                <line number="100" hits="1" branch="false" />
              </lines>
            </method>
            <method name="ListarPorStatusAsync" signature="()" line-rate="1" branch-rate="1" complexity="1">
              <lines>
                <line number="91" hits="2" branch="false" />
                <line number="92" hits="2" branch="false" />
                <line number="93" hits="2" branch="false" />
                <line number="94" hits="2" branch="false" />
              </lines>
            </method>
            <method name="ObterPorIdAsync" signature="()" line-rate="1" branch-rate="1" complexity="2">
              <lines>
                <line number="77" hits="6" branch="false" />
                <line number="78" hits="6" branch="false" />
                <line number="79" hits="6" branch="false" />
                <line number="80" hits="6" branch="false" />
                <line number="81" hits="6" branch="true" condition-coverage="100% (2/2)" />
                <line number="82" hits="6" branch="false" />
              </lines>
            </method>
          </methods>
          <lines>
            <line number="19" hits="22" branch="false" />
            <line number="20" hits="22" branch="false" />
            <line number="21" hits="22" branch="false" />
            <line number="22" hits="22" branch="false" />
            <line number="23" hits="22" branch="false" />
            <line number="24" hits="22" branch="false" />
            <line number="25" hits="22" branch="false" />
            <line number="26" hits="22" branch="false" />
            <line number="27" hits="22" branch="false" />
            <line number="28" hits="22" branch="false" />
            <line number="29" hits="22" branch="false" />
            <line number="32" hits="5" branch="false" />
            <line number="34" hits="5" branch="false" />
            <line number="35" hits="5" branch="true" condition-coverage="100% (2/2)" />
            <line number="36" hits="2" branch="false" />
            <line number="38" hits="3" branch="false" />
            <line number="39" hits="3" branch="true" condition-coverage="100% (2/2)" />
            <line number="40" hits="1" branch="false" />
            <line number="43" hits="2" branch="false" />
            <line number="46" hits="8" branch="true" condition-coverage="100% (2/2)" />
            <line number="47" hits="1" branch="false" />
            <line number="48" hits="1" branch="false" />
            <line number="49" hits="1" branch="false" />
            <line number="50" hits="1" branch="false" />
            <line number="53" hits="10" branch="true" condition-coverage="100% (2/2)" />
            <line number="54" hits="2" branch="false" />
            <line number="55" hits="2" branch="false" />
            <line number="56" hits="2" branch="false" />
            <line number="57" hits="2" branch="false" />
            <line number="60" hits="3" branch="false" />
            <line number="61" hits="4" branch="false" />
            <line number="62" hits="2" branch="false" />
            <line number="65" hits="2" branch="false" />
            <line number="66" hits="2" branch="false" />
            <line number="69" hits="2" branch="false" />
            <line number="70" hits="2" branch="false" />
            <line number="71" hits="2" branch="false" />
            <line number="73" hits="2" branch="false" />
            <line number="74" hits="2" branch="false" />
            <line number="77" hits="6" branch="false" />
            <line number="78" hits="6" branch="false" />
            <line number="79" hits="6" branch="false" />
            <line number="80" hits="6" branch="false" />
            <line number="81" hits="6" branch="true" condition-coverage="100% (2/2)" />
            <line number="82" hits="6" branch="false" />
            <line number="85" hits="1" branch="false" />
            <line number="86" hits="1" branch="false" />
            <line number="87" hits="1" branch="false" />
            <line number="88" hits="1" branch="false" />
            <line number="91" hits="2" branch="false" />
            <line number="92" hits="2" branch="false" />
            <line number="93" hits="2" branch="false" />
            <line number="94" hits="2" branch="false" />
            <line number="97" hits="1" branch="false" />
            <line number="98" hits="1" branch="false" />
            <line number="99" hits="1" branch="false" />
            <line number="100" hits="1" branch="false" />
            <line number="103" hits="3" branch="false" />
            <line number="104" hits="3" branch="true" condition-coverage="100% (2/2)" />
            <line number="105" hits="3" branch="false" />
            <line number="107" hits="1" branch="false" />
            <line number="108" hits="1" branch="false" />
            <line number="109" hits="1" branch="false" />
            <line number="110" hits="1" branch="false" />
            <line number="112" hits="1" branch="false" />
            <line number="113" hits="1" branch="false" />
            <line number="114" hits="1" branch="false" />
            <line number="117" hits="1" branch="false" />
            <line number="118" hits="1" branch="true" condition-coverage="50% (1/2)" />
            <line number="119" hits="1" branch="false" />
            <line number="121" hits="1" branch="false" />
            <line number="122" hits="1" branch="false" />
            <line number="123" hits="1" branch="false" />
            <line number="124" hits="1" branch="false" />
            <line number="126" hits="1" branch="false" />
            <line number="127" hits="1" branch="false" />
            <line number="128" hits="1" branch="false" />
            <line number="131" hits="1" branch="false" />
            <line number="132" hits="1" branch="true" condition-coverage="50% (1/2)" />
            <line number="133" hits="1" branch="false" />
            <line number="135" hits="1" branch="false" />
            <line number="136" hits="1" branch="false" />
            <line number="137" hits="0" branch="false" />
            <line number="138" hits="0" branch="false" />
            <line number="140" hits="0" branch="false" />
            <line number="141" hits="0" branch="false" />
            <line number="142" hits="0" branch="false" />
            <line number="145" hits="1" branch="false" />
            <line number="146" hits="1" branch="true" condition-coverage="50% (1/2)" />
            <line number="147" hits="1" branch="false" />
            <line number="149" hits="1" branch="false" />
            <line number="150" hits="1" branch="false" />
            <line number="151" hits="1" branch="false" />
            <line number="152" hits="1" branch="false" />
            <line number="154" hits="1" branch="false" />
            <line number="155" hits="1" branch="false" />
            <line number="156" hits="1" branch="false" />
            <line number="159" hits="1" branch="false" />
            <line number="160" hits="1" branch="true" condition-coverage="50% (1/2)" />
            <line number="161" hits="1" branch="false" />
            <line number="163" hits="1" branch="false" />
            <line number="164" hits="1" branch="false" />
            <line number="165" hits="1" branch="false" />
            <line number="166" hits="1" branch="false" />
            <line number="168" hits="1" branch="false" />
            <line number="169" hits="1" branch="false" />
            <line number="170" hits="1" branch="false" />
            <line number="173" hits="6" branch="false" />
            <line number="174" hits="6" branch="true" condition-coverage="50% (3/6)" />
            <line number="175" hits="6" branch="false" />
            <line number="176" hits="6" branch="false" />
            <line number="177" hits="6" branch="false" />
            <line number="178" hits="6" branch="false" />
            <line number="179" hits="6" branch="false" />
            <line number="180" hits="6" branch="false" />
            <line number="181" hits="6" branch="false" />
            <line number="182" hits="6" branch="false" />
            <line number="183" hits="6" branch="false" />
            <line number="184" hits="6" branch="false" />
            <line number="185" hits="6" branch="false" />
            <line number="186" hits="6" branch="false" />
            <line number="187" hits="6" branch="false" />
            <line number="188" hits="2" branch="false" />
            <line number="189" hits="2" branch="false" />
            <line number="190" hits="2" branch="false" />
            <line number="191" hits="2" branch="false" />
            <line number="192" hits="2" branch="false" />
            <line number="193" hits="2" branch="false" />
            <line number="194" hits="2" branch="false" />
            <line number="195" hits="2" branch="false" />
            <line number="196" hits="3" branch="false" />
            <line number="197" hits="3" branch="false" />
            <line number="198" hits="3" branch="false" />
            <line number="199" hits="3" branch="false" />
            <line number="200" hits="3" branch="false" />
            <line number="201" hits="3" branch="false" />
            <line number="202" hits="6" branch="false" />
            <line number="203" hits="6" branch="false" />
            <line number="206" hits="11" branch="false" />
            <line number="207" hits="11" branch="true" condition-coverage="100% (6/6)" />
            <line number="208" hits="11" branch="false" />
            <line number="209" hits="11" branch="false" />
            <line number="210" hits="11" branch="false" />
            <line number="211" hits="11" branch="false" />
            <line number="212" hits="11" branch="false" />
            <line number="213" hits="11" branch="false" />
            <line number="214" hits="11" branch="false" />
            <line number="215" hits="11" branch="false" />
            <line number="216" hits="11" branch="false" />
            <line number="217" hits="11" branch="false" />
          </lines>
        </class>
      </classes>
    </package>
    <package name="OSService.Domain" line-rate="0.8578431372549019" branch-rate="0.5862068965517241" complexity="120">
      <classes>
        <class name="OSService.Domain.Entities.Base" filename="/Users/carlosalexandre/pos/oficinaops-os-service/src/OSService.Domain/Entities/Base.cs" line-rate="1" branch-rate="1" complexity="3">
          <methods>
            <method name="get_Id" signature="()" line-rate="1" branch-rate="1" complexity="1">
              <lines>
                <line number="8" hits="183" branch="false" />
              </lines>
            </method>
            <method name="get_DataCriacao" signature="()" line-rate="1" branch-rate="1" complexity="1">
              <lines>
                <line number="11" hits="230" branch="false" />
              </lines>
            </method>
            <method name="get_DataAtualizacao" signature="()" line-rate="1" branch-rate="1" complexity="1">
              <lines>
                <line number="14" hits="144" branch="false" />
              </lines>
            </method>
          </methods>
          <lines>
            <line number="8" hits="183" branch="false" />
            <line number="11" hits="230" branch="false" />
            <line number="14" hits="144" branch="false" />
          </lines>
        </class>
        <class name="OSService.Domain.Entities.Cliente" filename="/Users/carlosalexandre/pos/oficinaops-os-service/src/OSService.Domain/Entities/Cliente.cs" line-rate="0.9285714285714286" branch-rate="1" complexity="6">
          <methods>
            <method name="get_Documento" signature="()" line-rate="1" branch-rate="1" complexity="1">
              <lines>
                <line number="22" hits="16" branch="false" />
              </lines>
            </method>
            <method name="get_Nome" signature="()" line-rate="1" branch-rate="1" complexity="1">
              <lines>
                <line number="26" hits="23" branch="false" />
              </lines>
            </method>
            <method name="get_Email" signature="()" line-rate="1" branch-rate="1" complexity="1">
              <lines>
                <line number="31" hits="16" branch="false" />
              </lines>
            </method>
            <method name="get_Veiculos" signature="()" line-rate="0" branch-rate="1" complexity="1">
              <lines>
                <line number="35" hits="0" branch="false" />
              </lines>
            </method>
            <method name=".ctor" signature="()" line-rate="1" branch-rate="1" complexity="1">
              <lines>
                <line number="11" hits="18" branch="false" />
                <line number="13" hits="16" branch="false" />
                <line number="14" hits="16" branch="false" />
                <line number="15" hits="16" branch="false" />
                <line number="16" hits="16" branch="false" />
                <line number="17" hits="16" branch="false" />
                <line number="18" hits="16" branch="false" />
                <line number="19" hits="16" branch="false" />
                <line number="20" hits="16" branch="false" />
                <line number="22" hits="16" branch="false" />
                <line number="26" hits="23" branch="false" />
                <line number="31" hits="16" branch="false" />
                <line number="34" hits="22" branch="false" />
              </lines>
            </method>
            <method name=".ctor" signature="(System.Guid,System.String,System.String,OSService.Domain.ValueObjects.CpfCnpj)" line-rate="1" branch-rate="1" complexity="1">
              <lines>
                <line number="13" hits="16" branch="false" />
                <line number="14" hits="16" branch="false" />
                <line number="15" hits="16" branch="false" />
                <line number="16" hits="16" branch="false" />
                <line number="17" hits="16" branch="false" />
                <line number="18" hits="16" branch="false" />
                <line number="19" hits="16" branch="false" />
                <line number="20" hits="16" branch="false" />
              </lines>
            </method>
          </methods>
          <lines>
            <line number="11" hits="18" branch="false" />
            <line number="13" hits="16" branch="false" />
            <line number="14" hits="16" branch="false" />
            <line number="15" hits="16" branch="false" />
            <line number="16" hits="16" branch="false" />
            <line number="17" hits="16" branch="false" />
            <line number="18" hits="16" branch="false" />
            <line number="19" hits="16" branch="false" />
            <line number="20" hits="16" branch="false" />
            <line number="22" hits="16" branch="false" />
            <line number="26" hits="23" branch="false" />
            <line number="31" hits="16" branch="false" />
            <line number="34" hits="22" branch="false" />
            <line number="35" hits="0" branch="false" />
          </lines>
        </class>
        <class name="OSService.Domain.Entities.OrdemDeServico" filename="/Users/carlosalexandre/pos/oficinaops-os-service/src/OSService.Domain/Entities/OrdemDeServico.cs" line-rate="0.9545454545454546" branch-rate="0.6875" complexity="37">
          <methods>
            <method name="get_ClienteId" signature="()" line-rate="1" branch-rate="1" complexity="1">
              <lines>
                <line number="22" hits="65" branch="false" />
              </lines>
            </method>
            <method name="get_VeiculoId" signature="()" line-rate="1" branch-rate="1" complexity="1">
              <lines>
                <line number="24" hits="65" branch="false" />
              </lines>
            </method>
            <method name="get_CustoTotal" signature="()" line-rate="1" branch-rate="1" complexity="1">
              <lines>
                <line number="27" hits="27" branch="false" />
              </lines>
            </method>
            <method name="get_Status" signature="()" line-rate="1" branch-rate="1" complexity="1">
              <lines>
                <line number="30" hits="459" branch="false" />
              </lines>
            </method>
            <method name="get_DataConclusao" signature="()" line-rate="1" branch-rate="1" complexity="1">
              <lines>
                <line number="32" hits="18" branch="false" />
              </lines>
            </method>
            <method name="get_DataInicioExecucao" signature="()" line-rate="1" branch-rate="1" complexity="1">
              <lines>
                <line number="34" hits="35" branch="false" />
              </lines>
            </method>
            <method name="get_DataFinalizacao" signature="()" line-rate="1" branch-rate="1" complexity="1">
              <lines>
                <line number="36" hits="28" branch="false" />
              </lines>
            </method>
            <method name="get_Pecas" signature="()" line-rate="1" branch-rate="1" complexity="1">
              <lines>
                <line number="40" hits="11" branch="false" />
              </lines>
            </method>
            <method name="get_Servicos" signature="()" line-rate="1" branch-rate="1" complexity="1">
              <lines>
                <line number="43" hits="11" branch="false" />
              </lines>
            </method>
            <method name="get_Cliente" signature="()" line-rate="1" branch-rate="1" complexity="1">
              <lines>
                <line number="46" hits="18" branch="false" />
              </lines>
            </method>
            <method name="get_Veiculo" signature="()" line-rate="1" branch-rate="1" complexity="1">
              <lines>
                <line number="47" hits="35" branch="false" />
              </lines>
            </method>
            <method name="AdicionarPeca" signature="(OSService.Domain.ValueObjects.OrdemServicoPeca)" line-rate="1" branch-rate="1" complexity="1">
              <lines>
                <line number="50" hits="4" branch="false" />
                <line number="51" hits="4" branch="false" />
                <line number="52" hits="4" branch="false" />
              </lines>
            </method>
            <method name="AdicionarServico" signature="(OSService.Domain.ValueObjects.OrdemServicoItemServico)" line-rate="1" branch-rate="1" complexity="1">
              <lines>
                <line number="55" hits="5" branch="false" />
                <line number="56" hits="5" branch="false" />
                <line number="57" hits="5" branch="false" />
              </lines>
            </method>
            <method name="DefinirValorTotal" signature="(System.Decimal,System.Decimal)" line-rate="1" branch-rate="1" complexity="1">
              <lines>
                <line number="60" hits="5" branch="false" />
                <line number="61" hits="5" branch="false" />
                <line number="62" hits="5" branch="false" />
              </lines>
            </method>
            <method name="get_TempoExecucao" signature="()" line-rate="0.8" branch-rate="0.5" complexity="4">
              <lines>
                <line number="67" hits="2" branch="false" />
                <line number="68" hits="2" branch="true" condition-coverage="50% (2/4)" />
                <line number="69" hits="2" branch="false" />
                <line number="70" hits="0" branch="false" />
                <line number="71" hits="2" branch="false" />
              </lines>
            </method>
            <method name="IniciarDiagnostico" signature="()" line-rate="1" branch-rate="1" complexity="1">
              <lines>
                <line number="75" hits="41" branch="false" />
              </lines>
            </method>
            <method name="ConcluirDiagnostico" signature="()" line-rate="1" branch-rate="1" complexity="1">
              <lines>
                <line number="76" hits="34" branch="false" />
              </lines>
            </method>
            <method name="IniciarExcucao" signature="()" line-rate="1" branch-rate="1" complexity="1">
              <lines>
                <line number="77" hits="20" branch="false" />
              </lines>
            </method>
            <method name="FinalizarExecucao" signature="()" line-rate="1" branch-rate="1" complexity="1">
              <lines>
                <line number="78" hits="13" branch="false" />
              </lines>
            </method>
            <method name="Entregar" signature="()" line-rate="1" branch-rate="1" complexity="1">
              <lines>
                <line number="79" hits="5" branch="false" />
              </lines>
            </method>
            <method name="Cancelar" signature="()" line-rate="0.8333333333333334" branch-rate="0.5" complexity="4">
              <lines>
                <line number="82" hits="3" branch="false" />
                <line number="83" hits="3" branch="true" condition-coverage="50% (2/4)" />
                <line number="84" hits="0" branch="false" />
                <line number="86" hits="3" branch="false" />
                <line number="87" hits="3" branch="false" />
                <line number="88" hits="3" branch="false" />
              </lines>
            </method>
            <method name="ReverterParaAguardandoAprovacao" signature="()" line-rate="0.8571428571428571" branch-rate="0.5" complexity="2">
              <lines>
                <line number="91" hits="2" branch="false" />
                <line number="92" hits="2" branch="true" condition-coverage="50% (1/2)" />
                <line number="93" hits="0" branch="false" />
                <line number="95" hits="2" branch="false" />
                <line number="96" hits="2" branch="false" />
                <line number="97" hits="2" branch="false" />
                <line number="98" hits="2" branch="false" />
              </lines>
            </method>
            <method name="AtualizarStatus" signature="(OSService.Domain.Enums.OrdemStatus,OSService.Domain.Enums.OrdemStatus)" line-rate="1" branch-rate="1" complexity="6">
              <lines>
                <line number="101" hits="113" branch="false" />
                <line number="102" hits="113" branch="true" condition-coverage="100% (2/2)" />
                <line number="103" hits="3" branch="false" />
                <line number="105" hits="110" branch="true" condition-coverage="100% (4/4)" />
                <line number="108" hits="19" branch="false" />
                <line number="109" hits="19" branch="false" />
                <line number="111" hits="13" branch="false" />
                <line number="112" hits="13" branch="false" />
                <line number="114" hits="5" branch="false" />
                <line number="115" hits="5" branch="false" />
                <line number="117" hits="73" branch="false" />
                <line number="120" hits="110" branch="false" />
                <line number="121" hits="110" branch="false" />
              </lines>
            </method>
            <method name=".ctor" signature="()" line-rate="1" branch-rate="1" complexity="1">
              <lines>
                <line number="12" hits="51" branch="false" />
                <line number="14" hits="56" branch="false" />
                <line number="15" hits="56" branch="false" />
                <line number="16" hits="56" branch="false" />
                <line number="17" hits="56" branch="false" />
                <line number="18" hits="56" branch="false" />
                <line number="19" hits="56" branch="false" />
                <line number="20" hits="56" branch="false" />
                <line number="22" hits="65" branch="false" />
                <line number="24" hits="65" branch="false" />
                <line number="27" hits="27" branch="false" />
                <line number="30" hits="459" branch="false" />
                <line number="32" hits="18" branch="false" />
                <line number="34" hits="35" branch="false" />
                <line number="36" hits="28" branch="false" />
                <line number="39" hits="73" branch="false" />
                <line number="40" hits="11" branch="false" />
                <line number="42" hits="73" branch="false" />
              </lines>
            </method>
            <method name=".ctor" signature="(System.Guid,System.Guid)" line-rate="1" branch-rate="1" complexity="1">
              <lines>
                <line number="14" hits="56" branch="false" />
                <line number="15" hits="56" branch="false" />
                <line number="16" hits="56" branch="false" />
                <line number="17" hits="56" branch="false" />
                <line number="18" hits="56" branch="false" />
                <line number="19" hits="56" branch="false" />
                <line number="20" hits="56" branch="false" />
              </lines>
            </method>
          </methods>
          <lines>
            <line number="12" hits="51" branch="false" />
            <line number="14" hits="56" branch="false" />
            <line number="15" hits="56" branch="false" />
            <line number="16" hits="56" branch="false" />
            <line number="17" hits="56" branch="false" />
            <line number="18" hits="56" branch="false" />
            <line number="19" hits="56" branch="false" />
            <line number="20" hits="56" branch="false" />
            <line number="22" hits="65" branch="false" />
            <line number="24" hits="65" branch="false" />
            <line number="27" hits="27" branch="false" />
            <line number="30" hits="459" branch="false" />
            <line number="32" hits="18" branch="false" />
            <line number="34" hits="35" branch="false" />
            <line number="36" hits="28" branch="false" />
            <line number="39" hits="73" branch="false" />
            <line number="40" hits="11" branch="false" />
            <line number="42" hits="73" branch="false" />
            <line number="43" hits="11" branch="false" />
            <line number="46" hits="18" branch="false" />
            <line number="47" hits="35" branch="false" />
            <line number="50" hits="4" branch="false" />
            <line number="51" hits="4" branch="false" />
            <line number="52" hits="4" branch="false" />
            <line number="55" hits="5" branch="false" />
            <line number="56" hits="5" branch="false" />
            <line number="57" hits="5" branch="false" />
            <line number="60" hits="5" branch="false" />
            <line number="61" hits="5" branch="false" />
            <line number="62" hits="5" branch="false" />
            <line number="67" hits="2" branch="false" />
            <line number="68" hits="2" branch="true" condition-coverage="50% (2/4)" />
            <line number="69" hits="2" branch="false" />
            <line number="70" hits="0" branch="false" />
            <line number="71" hits="2" branch="false" />
            <line number="75" hits="41" branch="false" />
            <line number="76" hits="34" branch="false" />
            <line number="77" hits="20" branch="false" />
            <line number="78" hits="13" branch="false" />
            <line number="79" hits="5" branch="false" />
            <line number="82" hits="3" branch="false" />
            <line number="83" hits="3" branch="true" condition-coverage="50% (2/4)" />
            <line number="84" hits="0" branch="false" />
            <line number="86" hits="3" branch="false" />
            <line number="87" hits="3" branch="false" />
            <line number="88" hits="3" branch="false" />
            <line number="91" hits="2" branch="false" />
            <line number="92" hits="2" branch="true" condition-coverage="50% (1/2)" />
            <line number="93" hits="0" branch="false" />
            <line number="95" hits="2" branch="false" />
            <line number="96" hits="2" branch="false" />
            <line number="97" hits="2" branch="false" />
            <line number="98" hits="2" branch="false" />
            <line number="101" hits="113" branch="false" />
            <line number="102" hits="113" branch="true" condition-coverage="100% (2/2)" />
            <line number="103" hits="3" branch="false" />
            <line number="105" hits="110" branch="true" condition-coverage="100% (4/4)" />
            <line number="108" hits="19" branch="false" />
            <line number="109" hits="19" branch="false" />
            <line number="111" hits="13" branch="false" />
            <line number="112" hits="13" branch="false" />
            <line number="114" hits="5" branch="false" />
            <line number="115" hits="5" branch="false" />
            <line number="117" hits="73" branch="false" />
            <line number="120" hits="110" branch="false" />
            <line number="121" hits="110" branch="false" />
          </lines>
        </class>
        <class name="OSService.Domain.Entities.Veiculo" filename="/Users/carlosalexandre/pos/oficinaops-os-service/src/OSService.Domain/Entities/Veiculo.cs" line-rate="1" branch-rate="1" complexity="8">
          <methods>
            <method name="get_Modelo" signature="()" line-rate="1" branch-rate="1" complexity="1">
              <lines>
                <line number="26" hits="20" branch="false" />
              </lines>
            </method>
            <method name="get_Placa" signature="()" line-rate="1" branch-rate="1" complexity="1">
              <lines>
                <line number="29" hits="20" branch="false" />
              </lines>
            </method>
            <method name="get_Marca" signature="()" line-rate="1" branch-rate="1" complexity="1">
              <lines>
                <line number="33" hits="13" branch="false" />
              </lines>
            </method>
            <method name="get_Ano" signature="()" line-rate="1" branch-rate="1" complexity="1">
              <lines>
                <line number="36" hits="13" branch="false" />
              </lines>
            </method>
            <method name="get_ClienteId" signature="()" line-rate="1" branch-rate="1" complexity="1">
              <lines>
                <line number="39" hits="13" branch="false" />
              </lines>
            </method>
            <method name="get_Cliente" signature="()" line-rate="1" branch-rate="1" complexity="1">
              <lines>
                <line number="42" hits="2" branch="false" />
              </lines>
            </method>
            <method name=".ctor" signature="()" line-rate="1" branch-rate="1" complexity="1">
              <lines>
                <line number="11" hits="21" branch="false" />
              </lines>
            </method>
            <method name=".ctor" signature="(System.Guid,System.String,OSService.Domain.ValueObjects.Placa,System.String,System.Int32,System.Guid)" line-rate="1" branch-rate="1" complexity="1">
              <lines>
                <line number="13" hits="13" branch="false" />
                <line number="14" hits="13" branch="false" />
                <line number="15" hits="13" branch="false" />
                <line number="16" hits="13" branch="false" />
                <line number="17" hits="13" branch="false" />
                <line number="18" hits="13" branch="false" />
                <line number="19" hits="13" branch="false" />
                <line number="20" hits="13" branch="false" />
                <line number="21" hits="13" branch="false" />
                <line number="22" hits="13" branch="false" />
              </lines>
            </method>
          </methods>
          <lines>
            <line number="11" hits="21" branch="false" />
            <line number="13" hits="13" branch="false" />
            <line number="14" hits="13" branch="false" />
            <line number="15" hits="13" branch="false" />
            <line number="16" hits="13" branch="false" />
            <line number="17" hits="13" branch="false" />
            <line number="18" hits="13" branch="false" />
            <line number="19" hits="13" branch="false" />
            <line number="20" hits="13" branch="false" />
            <line number="21" hits="13" branch="false" />
            <line number="22" hits="13" branch="false" />
            <line number="26" hits="20" branch="false" />
            <line number="29" hits="20" branch="false" />
            <line number="33" hits="13" branch="false" />
            <line number="36" hits="13" branch="false" />
            <line number="39" hits="13" branch="false" />
            <line number="42" hits="2" branch="false" />
          </lines>
        </class>
        <class name="OSService.Domain.Events.DomainEvent" filename="/Users/carlosalexandre/pos/oficinaops-os-service/src/OSService.Domain/Events/OsEvents.cs" line-rate="1" branch-rate="1" complexity="1">
          <methods>
            <method name="get_EventType" signature="()" line-rate="1" branch-rate="1" complexity="1">
              <lines>
                <line number="3" hits="21" branch="false" />
              </lines>
            </method>
          </methods>
          <lines>
            <line number="3" hits="21" branch="false" />
          </lines>
        </class>
[...]
            <line number="325" hits="1" branch="false" />
          </lines>
        </class>
        <class name="OSService.Infrastructure.Repositories.ClienteRepository" filename="/Users/carlosalexandre/pos/oficinaops-os-service/src/OSService.Infrastructure/Repositories/ClienteVeiculoRepository.cs" line-rate="1" branch-rate="1" complexity="4">
          <methods>
            <method name=".ctor" signature="(OSService.Infrastructure.Data.OSServiceDbContext)" line-rate="1" branch-rate="1" complexity="1">
              <lines>
                <line number="10" hits="66" branch="false" />
              </lines>
            </method>
            <method name="ExisteDocumentoAsync" signature="()" line-rate="1" branch-rate="1" complexity="2">
              <lines>
                <line number="19" hits="2" branch="false" />
                <line number="20" hits="2" branch="false" />
                <line number="21" hits="2" branch="true" condition-coverage="100% (2/2)" />
                <line number="22" hits="1" branch="false" />
                <line number="24" hits="2" branch="false" />
                <line number="25" hits="2" branch="false" />
              </lines>
            </method>
            <method name="ObterPorDocumentoAsync" signature="()" line-rate="1" branch-rate="1" complexity="1">
              <lines>
                <line number="13" hits="1" branch="false" />
                <line number="14" hits="1" branch="false" />
                <line number="15" hits="1" branch="false" />
                <line number="16" hits="1" branch="false" />
              </lines>
            </method>
          </methods>
          <lines>
            <line number="10" hits="66" branch="false" />
            <line number="13" hits="1" branch="false" />
            <line number="14" hits="1" branch="false" />
            <line number="15" hits="1" branch="false" />
            <line number="16" hits="1" branch="false" />
            <line number="19" hits="2" branch="false" />
            <line number="20" hits="2" branch="false" />
            <line number="21" hits="2" branch="true" condition-coverage="100% (2/2)" />
            <line number="22" hits="1" branch="false" />
            <line number="24" hits="2" branch="false" />
            <line number="25" hits="2" branch="false" />
          </lines>
        </class>
        <class name="OSService.Infrastructure.Repositories.GenericRepository`2" filename="/Users/carlosalexandre/pos/oficinaops-os-service/src/OSService.Infrastructure/Repositories/GenericRepository.cs" line-rate="0.7719298245614035" branch-rate="0.7083333333333334" complexity="28">
          <methods>
            <method name="Update" signature="(TEntity)" line-rate="1" branch-rate="1" complexity="1">
              <lines>
                <line number="77" hits="3" branch="false" />
                <line number="78" hits="3" branch="false" />
                <line number="79" hits="3" branch="false" />
              </lines>
            </method>
            <method name="Remove" signature="(TEntity)" line-rate="0" branch-rate="1" complexity="1">
              <lines>
                <line number="82" hits="0" branch="false" />
                <line number="83" hits="0" branch="false" />
                <line number="84" hits="0" branch="false" />
              </lines>
            </method>
            <method name=".ctor" signature="(TContext)" line-rate="1" branch-rate="1" complexity="1">
              <lines>
                <line number="14" hits="66" branch="false" />
                <line number="15" hits="66" branch="false" />
                <line number="16" hits="66" branch="false" />
                <line number="17" hits="66" branch="false" />
                <line number="18" hits="66" branch="false" />
              </lines>
            </method>
            <method name="AddAsync" signature="()" line-rate="1" branch-rate="1" complexity="1">
              <lines>
                <line number="72" hits="24" branch="false" />
                <line number="73" hits="24" branch="false" />
                <line number="74" hits="24" branch="false" />
              </lines>
            </method>
            <method name="GetAllAsync" signature="()" line-rate="0.8666666666666667" branch-rate="0.6666666666666666" complexity="6">
              <lines>
                <line number="51" hits="1" branch="false" />
                <line number="52" hits="1" branch="false" />
                <line number="54" hits="1" branch="true" condition-coverage="100% (2/2)" />
                <line number="55" hits="1" branch="false" />
                <line number="56" hits="3" branch="true" condition-coverage="50% (1/2)" />
                <line number="57" hits="0" branch="false" />
                <line number="58" hits="1" branch="false" />
                <line number="60" hits="1" branch="true" condition-coverage="50% (1/2)" />
                <line number="61" hits="0" branch="false" />
                <line number="63" hits="1" branch="false" />
                <line number="64" hits="1" branch="false" />
                <line number="65" hits="1" branch="false" />
                <line number="66" hits="1" branch="false" />
                <line number="68" hits="1" branch="false" />
                <line number="69" hits="1" branch="false" />
              </lines>
            </method>
            <method name="GetAsync" signature="()" line-rate="0" branch-rate="0" complexity="4">
              <lines>
                <line number="34" hits="0" branch="false" />
                <line number="35" hits="0" branch="false" />
                <line number="37" hits="0" branch="true" condition-coverage="0% (0/2)" />
                <line number="38" hits="0" branch="false" />
                <line number="40" hits="0" branch="true" condition-coverage="0% (0/2)" />
                <line number="41" hits="0" branch="false" />
                <line number="43" hits="0" branch="false" />
                <line number="44" hits="0" branch="false" />
              </lines>
            </method>
            <method name="GetByIdAsync" signature="()" line-rate="1" branch-rate="0.8333333333333334" complexity="6">
              <lines>
                <line number="21" hits="13" branch="false" />
                <line number="22" hits="13" branch="false" />
                <line number="24" hits="13" branch="true" condition-coverage="75% (3/4)" />
                <line number="25" hits="5" branch="false" />
                <line number="26" hits="35" branch="true" condition-coverage="100% (2/2)" />
                <line number="27" hits="10" branch="false" />
                <line number="28" hits="5" branch="false" />
                <line number="30" hits="13" branch="false" />
                <line number="31" hits="13" branch="false" />
              </lines>
            </method>
            <method name="SaveChangesAsync" signature="()" line-rate="1" branch-rate="1" complexity="8">
              <lines>
                <line number="87" hits="20" branch="false" />
                <line number="88" hits="20" branch="true" condition-coverage="100% (2/2)" />
                <line number="89" hits="91" branch="true" condition-coverage="100% (2/2)" />
                <line number="91" hits="142" branch="true" condition-coverage="100% (2/2)" />
                <line number="92" hits="41" branch="false" />
                <line number="93" hits="170" branch="false" />
                <line number="94" hits="41" branch="true" condition-coverage="100% (2/2)" />
                <line number="95" hits="27" branch="false" />
                <line number="96" hits="41" branch="false" />
                <line number="98" hits="20" branch="false" />
                <line number="99" hits="20" branch="false" />
              </lines>
            </method>
          </methods>
          <lines>
            <line number="14" hits="66" branch="false" />
            <line number="15" hits="66" branch="false" />
            <line number="16" hits="66" branch="false" />
            <line number="17" hits="66" branch="false" />
            <line number="18" hits="66" branch="false" />
            <line number="21" hits="13" branch="false" />
            <line number="22" hits="13" branch="false" />
            <line number="24" hits="13" branch="true" condition-coverage="75% (3/4)" />
            <line number="25" hits="5" branch="false" />
            <line number="26" hits="35" branch="true" condition-coverage="100% (2/2)" />
            <line number="27" hits="10" branch="false" />
            <line number="28" hits="5" branch="false" />
            <line number="30" hits="13" branch="false" />
            <line number="31" hits="13" branch="false" />
            <line number="34" hits="0" branch="false" />
            <line number="35" hits="0" branch="false" />
            <line number="37" hits="0" branch="true" condition-coverage="0% (0/2)" />
            <line number="38" hits="0" branch="false" />
            <line number="40" hits="0" branch="true" condition-coverage="0% (0/2)" />
            <line number="41" hits="0" branch="false" />
            <line number="43" hits="0" branch="false" />
            <line number="44" hits="0" branch="false" />
            <line number="51" hits="1" branch="false" />
            <line number="52" hits="1" branch="false" />
            <line number="54" hits="1" branch="true" condition-coverage="100% (2/2)" />
            <line number="55" hits="1" branch="false" />
            <line number="56" hits="3" branch="true" condition-coverage="50% (1/2)" />
            <line number="57" hits="0" branch="false" />
            <line number="58" hits="1" branch="false" />
            <line number="60" hits="1" branch="true" condition-coverage="50% (1/2)" />
            <line number="61" hits="0" branch="false" />
            <line number="63" hits="1" branch="false" />
            <line number="64" hits="1" branch="false" />
            <line number="65" hits="1" branch="false" />
            <line number="66" hits="1" branch="false" />
            <line number="68" hits="1" branch="false" />
            <line number="69" hits="1" branch="false" />
            <line number="72" hits="24" branch="false" />
            <line number="73" hits="24" branch="false" />
            <line number="74" hits="24" branch="false" />
            <line number="77" hits="3" branch="false" />
            <line number="78" hits="3" branch="false" />
            <line number="79" hits="3" branch="false" />
            <line number="82" hits="0" branch="false" />
            <line number="83" hits="0" branch="false" />
            <line number="84" hits="0" branch="false" />
            <line number="87" hits="20" branch="false" />
            <line number="88" hits="20" branch="true" condition-coverage="100% (2/2)" />
            <line number="89" hits="91" branch="true" condition-coverage="100% (2/2)" />
            <line number="91" hits="142" branch="true" condition-coverage="100% (2/2)" />
            <line number="92" hits="41" branch="false" />
            <line number="93" hits="170" branch="false" />
            <line number="94" hits="41" branch="true" condition-coverage="100% (2/2)" />
            <line number="95" hits="27" branch="false" />
            <line number="96" hits="41" branch="false" />
            <line number="98" hits="20" branch="false" />
            <line number="99" hits="20" branch="false" />
          </lines>
        </class>
        <class name="OSService.Infrastructure.Repositories.OrdemDeServicoRepository" filename="/Users/carlosalexandre/pos/oficinaops-os-service/src/OSService.Infrastructure/Repositories/OrdemDeServicoRepository.cs" line-rate="1" branch-rate="0.5" complexity="5">
          <methods>
            <method name=".ctor" signature="(OSService.Infrastructure.Data.OSServiceDbContext)" line-rate="1" branch-rate="1" complexity="1">
              <lines>
                <line number="11" hits="66" branch="false" />
              </lines>
            </method>
            <method name="ObterAtivasOrdenadasAsync" signature="()" line-rate="1" branch-rate="0.5" complexity="1">
              <lines>
                <line number="34" hits="1" branch="false" />
                <line number="35" hits="1" branch="false" />
                <line number="36" hits="1" branch="false" />
                <line number="37" hits="1" branch="false" />
                <line number="38" hits="1" branch="false" />
                <line number="39" hits="1" branch="false" />
                <line number="40" hits="1" branch="false" />
                <line number="41" hits="1" branch="false" />
                <line number="43" hits="1" branch="false" />
                <line number="44" hits="1" branch="false" />
                <line number="45" hits="1" branch="false" />
                <line number="46" hits="1" branch="false" />
                <line number="47" hits="1" branch="false" />
                <line number="48" hits="1" branch="false" />
                <line number="50" hits="1" branch="false" />
                <line number="51" hits="4" branch="true" condition-coverage="50% (1/2)" />
                <line number="52" hits="4" branch="false" />
                <line number="53" hits="1" branch="false" />
                <line number="54" hits="1" branch="false" />
                <line number="55" hits="1" branch="false" />
                <line number="56" hits="1" branch="false" />
              </lines>
            </method>
            <method name="ObterFinalizadasAsync" signature="()" line-rate="1" branch-rate="1" complexity="1">
              <lines>
                <line number="59" hits="1" branch="false" />
                <line number="60" hits="1" branch="false" />
                <line number="61" hits="1" branch="false" />
                <line number="62" hits="1" branch="false" />
                <line number="63" hits="1" branch="false" />
                <line number="64" hits="1" branch="false" />
                <line number="65" hits="1" branch="false" />
                <line number="66" hits="1" branch="false" />
                <line number="67" hits="1" branch="false" />
              </lines>
            </method>
            <method name="ObterPorClienteAsync" signature="()" line-rate="1" branch-rate="1" complexity="1">
              <lines>
                <line number="24" hits="2" branch="false" />
                <line number="25" hits="2" branch="false" />
                <line number="26" hits="2" branch="false" />
                <line number="27" hits="2" branch="false" />
                <line number="28" hits="2" branch="false" />
                <line number="29" hits="2" branch="false" />
                <line number="30" hits="2" branch="false" />
                <line number="31" hits="2" branch="false" />
              </lines>
            </method>
            <method name="ObterPorStatusAsync" signature="()" line-rate="1" branch-rate="1" complexity="1">
              <lines>
                <line number="14" hits="2" branch="false" />
                <line number="15" hits="2" branch="false" />
                <line number="16" hits="2" branch="false" />
                <line number="17" hits="2" branch="false" />
                <line number="18" hits="2" branch="false" />
                <line number="19" hits="2" branch="false" />
                <line number="20" hits="2" branch="false" />
                <line number="21" hits="2" branch="false" />
              </lines>
            </method>
          </methods>
          <lines>
            <line number="11" hits="66" branch="false" />
            <line number="14" hits="2" branch="false" />
            <line number="15" hits="2" branch="false" />
            <line number="16" hits="2" branch="false" />
            <line number="17" hits="2" branch="false" />
            <line number="18" hits="2" branch="false" />
            <line number="19" hits="2" branch="false" />
            <line number="20" hits="2" branch="false" />
            <line number="21" hits="2" branch="false" />
            <line number="24" hits="2" branch="false" />
            <line number="25" hits="2" branch="false" />
            <line number="26" hits="2" branch="false" />
            <line number="27" hits="2" branch="false" />
            <line number="28" hits="2" branch="false" />
            <line number="29" hits="2" branch="false" />
            <line number="30" hits="2" branch="false" />
            <line number="31" hits="2" branch="false" />
            <line number="34" hits="1" branch="false" />
            <line number="35" hits="1" branch="false" />
            <line number="36" hits="1" branch="false" />
            <line number="37" hits="1" branch="false" />
            <line number="38" hits="1" branch="false" />
            <line number="39" hits="1" branch="false" />
            <line number="40" hits="1" branch="false" />
            <line number="41" hits="1" branch="false" />
            <line number="43" hits="1" branch="false" />
            <line number="44" hits="1" branch="false" />
            <line number="45" hits="1" branch="false" />
            <line number="46" hits="1" branch="false" />
            <line number="47" hits="1" branch="false" />
            <line number="48" hits="1" branch="false" />
            <line number="50" hits="1" branch="false" />
            <line number="51" hits="4" branch="true" condition-coverage="50% (1/2)" />
            <line number="52" hits="4" branch="false" />
            <line number="53" hits="1" branch="false" />
            <line number="54" hits="1" branch="false" />
            <line number="55" hits="1" branch="false" />
            <line number="56" hits="1" branch="false" />
            <line number="59" hits="1" branch="false" />
            <line number="60" hits="1" branch="false" />
            <line number="61" hits="1" branch="false" />
            <line number="62" hits="1" branch="false" />
            <line number="63" hits="1" branch="false" />
            <line number="64" hits="1" branch="false" />
            <line number="65" hits="1" branch="false" />
            <line number="66" hits="1" branch="false" />
            <line number="67" hits="1" branch="false" />
          </lines>
        </class>
        <class name="OSService.Infrastructure.Repositories.VeiculoRepository" filename="/Users/carlosalexandre/pos/oficinaops-os-service/src/OSService.Infrastructure/Repositories/ClienteVeiculoRepository.cs" line-rate="1" branch-rate="1" complexity="2">
          <methods>
            <method name=".ctor" signature="(OSService.Infrastructure.Data.OSServiceDbContext)" line-rate="1" branch-rate="1" complexity="1">
              <lines>
                <line number="30" hits="66" branch="false" />
              </lines>
            </method>
            <method name="ObterPorPlacaAsync" signature="()" line-rate="1" branch-rate="1" complexity="1">
              <lines>
                <line number="33" hits="1" branch="false" />
                <line number="34" hits="1" branch="false" />
                <line number="35" hits="1" branch="false" />
                <line number="36" hits="1" branch="false" />
                <line number="37" hits="1" branch="false" />
              </lines>
            </method>
          </methods>
          <lines>
            <line number="30" hits="66" branch="false" />
            <line number="33" hits="1" branch="false" />
            <line number="34" hits="1" branch="false" />
            <line number="35" hits="1" branch="false" />
            <line number="36" hits="1" branch="false" />
            <line number="37" hits="1" branch="false" />
          </lines>
        </class>
      </classes>
    </package>
  </packages>
</coverage>