<?xml version="1.0" encoding="utf-8"?>
<coverage line-rate="0.6481" branch-rate="0.6134000000000001" version="1.9" timestamp="1779029723" lines-covered="818" lines-valid="1262" branches-covered="119" branches-valid="194">
  <sources>
    <source>/Users/carlosalexandre/pos/oficinaops-execucao-service/src/</source>
  </sources>
  <packages>
    <package name="ExecucaoService.Application" line-rate="0.9803000000000001" branch-rate="0.6537999999999999" complexity="60">
      <classes>
        <class name="ExecucaoService.Application.Services.ExecucaoAppService" filename="ExecucaoService.Application/Services/ExecucaoAppService.cs" line-rate="1" branch-rate="1" complexity="3">
          <methods>
            <method name="MapearParaDto" signature="(ExecucaoService.Domain.Entities.Execucao)" line-rate="1" branch-rate="1" complexity="1">
              <lines>
                <line number="145" hits="9" branch="False" />
                <line number="146" hits="9" branch="False" />
                <line number="147" hits="9" branch="False" />
                <line number="148" hits="9" branch="False" />
                <line number="149" hits="9" branch="False" />
                <line number="150" hits="9" branch="False" />
                <line number="151" hits="9" branch="False" />
                <line number="152" hits="9" branch="False" />
                <line number="153" hits="9" branch="False" />
                <line number="154" hits="9" branch="False" />
                <line number="155" hits="9" branch="False" />
                <line number="156" hits="9" branch="False" />
                <line number="157" hits="9" branch="False" />
                <line number="158" hits="1" branch="False" />
                <line number="159" hits="1" branch="False" />
                <line number="160" hits="1" branch="False" />
                <line number="161" hits="1" branch="False" />
                <line number="162" hits="1" branch="False" />
                <line number="163" hits="1" branch="False" />
                <line number="164" hits="1" branch="False" />
                <line number="165" hits="1" branch="False" />
                <line number="166" hits="1" branch="False" />
                <line number="167" hits="1" branch="False" />
                <line number="168" hits="9" branch="False" />
                <line number="169" hits="9" branch="False" />
              </lines>
            </method>
            <method name="MapearParaListaDto" signature="(ExecucaoService.Domain.Entities.Execucao)" line-rate="1" branch-rate="1" complexity="1">
              <lines>
                <line number="172" hits="5" branch="False" />
                <line number="173" hits="5" branch="False" />
                <line number="174" hits="5" branch="False" />
                <line number="175" hits="5" branch="False" />
                <line number="176" hits="5" branch="False" />
                <line number="177" hits="5" branch="False" />
                <line number="178" hits="5" branch="False" />
                <line number="179" hits="5" branch="False" />
                <line number="180" hits="5" branch="False" />
                <line number="181" hits="5" branch="False" />
                <line number="182" hits="5" branch="False" />
              </lines>
            </method>
            <method name=".ctor" signature="(ExecucaoService.Domain.Repositories.IExecucaoRepository,ExecucaoService.Domain.Interfaces.IEventPublisher)" line-rate="1" branch-rate="1" complexity="1">
              <lines>
                <line number="17" hits="26" branch="False" />
                <line number="18" hits="26" branch="False" />
                <line number="19" hits="26" branch="False" />
                <line number="20" hits="26" branch="False" />
                <line number="21" hits="26" branch="False" />
              </lines>
            </method>
          </methods>
          <lines>
            <line number="145" hits="9" branch="False" />
            <line number="146" hits="9" branch="False" />
            <line number="147" hits="9" branch="False" />
            <line number="148" hits="9" branch="False" />
            <line number="149" hits="9" branch="False" />
            <line number="150" hits="9" branch="False" />
            <line number="151" hits="9" branch="False" />
            <line number="152" hits="9" branch="False" />
            <line number="153" hits="9" branch="False" />
            <line number="154" hits="9" branch="False" />
            <line number="155" hits="9" branch="False" />
            <line number="156" hits="9" branch="False" />
            <line number="157" hits="9" branch="False" />
            <line number="158" hits="1" branch="False" />
            <line number="159" hits="1" branch="False" />
            <line number="160" hits="1" branch="False" />
            <line number="161" hits="1" branch="False" />
            <line number="162" hits="1" branch="False" />
            <line number="163" hits="1" branch="False" />
            <line number="164" hits="1" branch="False" />
            <line number="165" hits="1" branch="False" />
            <line number="166" hits="1" branch="False" />
            <line number="167" hits="1" branch="False" />
            <line number="168" hits="9" branch="False" />
            <line number="169" hits="9" branch="False" />
            <line number="172" hits="5" branch="False" />
            <line number="173" hits="5" branch="False" />
            <line number="174" hits="5" branch="False" />
            <line number="175" hits="5" branch="False" />
            <line number="176" hits="5" branch="False" />
            <line number="177" hits="5" branch="False" />
            <line number="178" hits="5" branch="False" />
            <line number="179" hits="5" branch="False" />
            <line number="180" hits="5" branch="False" />
            <line number="181" hits="5" branch="False" />
            <line number="182" hits="5" branch="False" />
            <line number="17" hits="26" branch="False" />
            <line number="18" hits="26" branch="False" />
            <line number="19" hits="26" branch="False" />
            <line number="20" hits="26" branch="False" />
            <line number="21" hits="26" branch="False" />
          </lines>
        </class>
        <class name="ExecucaoService.Application.Services.ExecucaoAppService/&lt;AdicionarDiagnosticoAsync&gt;d__9" filename="ExecucaoService.Application/Services/ExecucaoAppService.cs" line-rate="0.9" branch-rate="0.5" complexity="4">
          <methods>
            <method name="MoveNext" signature="()" line-rate="0.9" branch-rate="0.5" complexity="4">
              <lines>
                <line number="75" hits="1" branch="False" />
                <line number="76" hits="1" branch="True" condition-coverage="50% (1/2)">
                  <conditions>
                    <condition number="156" type="jump" coverage="50%" />
                  </conditions>
                </line>
                <line number="77" hits="1" branch="False" />
                <line number="79" hits="1" branch="True" condition-coverage="50% (1/2)">
                  <conditions>
                    <condition number="254" type="jump" coverage="50%" />
                  </conditions>
                </line>
                <line number="80" hits="0" branch="False" />
                <line number="82" hits="1" branch="False" />
                <line number="83" hits="1" branch="False" />
                <line number="84" hits="1" branch="False" />
                <line number="85" hits="1" branch="False" />
                <line number="86" hits="1" branch="False" />
              </lines>
            </method>
          </methods>
          <lines>
            <line number="75" hits="1" branch="False" />
            <line number="76" hits="1" branch="True" condition-coverage="50% (1/2)">
              <conditions>
                <condition number="156" type="jump" coverage="50%" />
              </conditions>
            </line>
            <line number="77" hits="1" branch="False" />
            <line number="79" hits="1" branch="True" condition-coverage="50% (1/2)">
              <conditions>
                <condition number="254" type="jump" coverage="50%" />
              </conditions>
            </line>
            <line number="80" hits="0" branch="False" />
            <line number="82" hits="1" branch="False" />
            <line number="83" hits="1" branch="False" />
            <line number="84" hits="1" branch="False" />
            <line number="85" hits="1" branch="False" />
            <line number="86" hits="1" branch="False" />
          </lines>
        </class>
        <class name="ExecucaoService.Application.Services.ExecucaoAppService/&lt;AdicionarReparoAsync&gt;d__11" filename="ExecucaoService.Application/Services/ExecucaoAppService.cs" line-rate="0.9" branch-rate="0.5" complexity="4">
          <methods>
            <method name="MoveNext" signature="()" line-rate="0.9" branch-rate="0.5" complexity="4">
              <lines>
                <line number="102" hits="1" branch="False" />
                <line number="103" hits="1" branch="True" condition-coverage="50% (1/2)">
                  <conditions>
                    <condition number="156" type="jump" coverage="50%" />
                  </conditions>
                </line>
                <line number="104" hits="1" branch="False" />
                <line number="106" hits="1" branch="True" condition-coverage="50% (1/2)">
                  <conditions>
                    <condition number="254" type="jump" coverage="50%" />
                  </conditions>
                </line>
                <line number="107" hits="0" branch="False" />
                <line number="109" hits="1" branch="False" />
                <line number="110" hits="1" branch="False" />
                <line number="111" hits="1" branch="False" />
                <line number="112" hits="1" branch="False" />
                <line number="113" hits="1" branch="False" />
              </lines>
            </method>
          </methods>
          <lines>
            <line number="102" hits="1" branch="False" />
            <line number="103" hits="1" branch="True" condition-coverage="50% (1/2)">
              <conditions>
                <condition number="156" type="jump" coverage="50%" />
              </conditions>
            </line>
            <line number="104" hits="1" branch="False" />
            <line number="106" hits="1" branch="True" condition-coverage="50% (1/2)">
              <conditions>
                <condition number="254" type="jump" coverage="50%" />
              </conditions>
            </line>
            <line number="107" hits="0" branch="False" />
            <line number="109" hits="1" branch="False" />
            <line number="110" hits="1" branch="False" />
            <line number="111" hits="1" branch="False" />
            <line number="112" hits="1" branch="False" />
            <line number="113" hits="1" branch="False" />
          </lines>
        </class>
        <class name="ExecucaoService.Application.Services.ExecucaoAppService/&lt;CancelarAsync&gt;d__13" filename="ExecucaoService.Application/Services/ExecucaoAppService.cs" line-rate="1" branch-rate="0.5" complexity="2">
          <methods>
            <method name="MoveNext" signature="()" line-rate="1" branch-rate="0.5" complexity="2">
              <lines>
                <line number="132" hits="2" branch="False" />
                <line number="133" hits="2" branch="True" condition-coverage="50% (1/2)">
                  <conditions>
                    <condition number="170" type="jump" coverage="50%" />
                  </conditions>
                </line>
                <line number="134" hits="2" branch="False" />
                <line number="136" hits="2" branch="False" />
                <line number="137" hits="1" branch="False" />
                <line number="138" hits="1" branch="False" />
                <line number="140" hits="1" branch="False" />
                <line number="141" hits="1" branch="False" />
                <line number="142" hits="1" branch="False" />
              </lines>
            </method>
          </methods>
          <lines>
            <line number="132" hits="2" branch="False" />
            <line number="133" hits="2" branch="True" condition-coverage="50% (1/2)">
              <conditions>
                <condition number="170" type="jump" coverage="50%" />
              </conditions>
            </line>
            <line number="134" hits="2" branch="False" />
            <line number="136" hits="2" branch="False" />
            <line number="137" hits="1" branch="False" />
            <line number="138" hits="1" branch="False" />
            <line number="140" hits="1" branch="False" />
            <line number="141" hits="1" branch="False" />
            <line number="142" hits="1" branch="False" />
          </lines>
        </class>
        <class name="ExecucaoService.Application.Services.ExecucaoAppService/&lt;ConcluirAsync&gt;d__12" filename="ExecucaoService.Application/Services/ExecucaoAppService.cs" line-rate="1" branch-rate="0.75" complexity="4">
          <methods>
            <method name="MoveNext" signature="()" line-rate="1" branch-rate="0.75" complexity="4">
              <lines>
                <line number="116" hits="3" branch="False" />
                <line number="117" hits="3" branch="True" condition-coverage="50% (1/2)">
                  <conditions>
                    <condition number="170" type="jump" coverage="50%" />
                  </conditions>
                </line>
                <line number="118" hits="3" branch="False" />
                <line number="120" hits="3" branch="True" condition-coverage="100% (2/2)">
                  <conditions>
                    <condition number="270" type="jump" coverage="100%" />
                  </conditions>
                </line>
                <line number="121" hits="2" branch="False" />
                <line number="123" hits="3" branch="False" />
                <line number="124" hits="3" branch="False" />
                <line number="125" hits="3" branch="False" />
                <line number="127" hits="3" branch="False" />
                <line number="128" hits="3" branch="False" />
                <line number="129" hits="3" branch="False" />
              </lines>
            </method>
          </methods>
          <lines>
            <line number="116" hits="3" branch="False" />
            <line number="117" hits="3" branch="True" condition-coverage="50% (1/2)">
              <conditions>
                <condition number="170" type="jump" coverage="50%" />
              </conditions>
            </line>
            <line number="118" hits="3" branch="False" />
            <line number="120" hits="3" branch="True" condition-coverage="100% (2/2)">
              <conditions>
                <condition number="270" type="jump" coverage="100%" />
              </conditions>
            </line>
            <line number="121" hits="2" branch="False" />
            <line number="123" hits="3" branch="False" />
            <line number="124" hits="3" branch="False" />
            <line number="125" hits="3" branch="False" />
            <line number="127" hits="3" branch="False" />
            <line number="128" hits="3" branch="False" />
            <line number="129" hits="3" branch="False" />
          </lines>
        </class>
        <class name="ExecucaoService.Application.Services.ExecucaoAppService/&lt;CriarAsync&gt;d__3" filename="ExecucaoService.Application/Services/ExecucaoAppService.cs" line-rate="0.909" branch-rate="0.75" complexity="4">
          <methods>
            <method name="MoveNext" signature="()" line-rate="0.909" branch-rate="0.75" complexity="4">
              <lines>
                <line number="24" hits="6" branch="False" />
                <line number="25" hits="6" branch="False" />
                <line number="26" hits="6" branch="True" condition-coverage="50% (1/2)">
                  <conditions>
                    <condition number="194" type="jump" coverage="50%" />
                  </conditions>
                </line>
                <line number="27" hits="0" branch="False" />
                <line number="29" hits="6" branch="False" />
                <line number="31" hits="6" branch="True" condition-coverage="100% (2/2)">
                  <conditions>
                    <condition number="309" type="jump" coverage="100%" />
                  </conditions>
                </line>
                <line number="32" hits="6" branch="False" />
                <line number="34" hits="6" branch="False" />
                <line number="35" hits="6" branch="False" />
                <line number="37" hits="6" branch="False" />
                <line number="38" hits="6" branch="False" />
              </lines>
            </method>
          </methods>
          <lines>
            <line number="24" hits="6" branch="False" />
            <line number="25" hits="6" branch="False" />
            <line number="26" hits="6" branch="True" condition-coverage="50% (1/2)">
              <conditions>
                <condition number="194" type="jump" coverage="50%" />
              </conditions>
            </line>
            <line number="27" hits="0" branch="False" />
            <line number="29" hits="6" branch="False" />
            <line number="31" hits="6" branch="True" condition-coverage="100% (2/2)">
              <conditions>
                <condition number="309" type="jump" coverage="100%" />
              </conditions>
            </line>
            <line number="32" hits="6" branch="False" />
            <line number="34" hits="6" branch="False" />
            <line number="35" hits="6" branch="False" />
            <line number="37" hits="6" branch="False" />
            <line number="38" hits="6" branch="False" />
          </lines>
        </class>
        <class name="ExecucaoService.Application.Services.ExecucaoAppService/&lt;IniciarDiagnosticoAsync&gt;d__8" filename="ExecucaoService.Application/Services/ExecucaoAppService.cs" line-rate="1" branch-rate="0.5" complexity="2">
          <methods>
            <method name="MoveNext" signature="()" line-rate="1" branch-rate="0.5" complexity="2">
              <lines>
                <line number="65" hits="3" branch="False" />
                <line number="66" hits="3" branch="True" condition-coverage="50% (1/2)">
                  <conditions>
                    <condition number="156" type="jump" coverage="50%" />
                  </conditions>
                </line>
                <line number="67" hits="3" branch="False" />
                <line number="69" hits="3" branch="False" />
                <line number="70" hits="3" branch="False" />
                <line number="71" hits="3" branch="False" />
                <line number="72" hits="3" branch="False" />
              </lines>
            </method>
          </methods>
          <lines>
            <line number="65" hits="3" branch="False" />
            <line number="66" hits="3" branch="True" condition-coverage="50% (1/2)">
              <conditions>
                <condition number="156" type="jump" coverage="50%" />
              </conditions>
            </line>
            <line number="67" hits="3" branch="False" />
            <line number="69" hits="3" branch="False" />
            <line number="70" hits="3" branch="False" />
            <line number="71" hits="3" branch="False" />
            <line number="72" hits="3" branch="False" />
          </lines>
        </class>
        <class name="ExecucaoService.Application.Services.ExecucaoAppService/&lt;IniciarExecucaoAsync&gt;d__10" filename="ExecucaoService.Application/Services/ExecucaoAppService.cs" line-rate="1" branch-rate="0.5" complexity="2">
          <methods>
            <method name="MoveNext" signature="()" line-rate="1" branch-rate="0.5" complexity="2">
              <lines>
                <line number="89" hits="3" branch="False" />
                <line number="90" hits="3" branch="True" condition-coverage="50% (1/2)">
                  <conditions>
                    <condition number="170" type="jump" coverage="50%" />
                  </conditions>
                </line>
                <line number="91" hits="3" branch="False" />
                <line number="93" hits="3" branch="False" />
                <line number="94" hits="3" branch="False" />
                <line number="95" hits="3" branch="False" />
                <line number="97" hits="3" branch="False" />
                <line number="98" hits="3" branch="False" />
                <line number="99" hits="3" branch="False" />
              </lines>
            </method>
          </methods>
          <lines>
            <line number="89" hits="3" branch="False" />
            <line number="90" hits="3" branch="True" condition-coverage="50% (1/2)">
              <conditions>
                <condition number="170" type="jump" coverage="50%" />
              </conditions>
            </line>
            <line number="91" hits="3" branch="False" />
            <line number="93" hits="3" branch="False" />
            <line number="94" hits="3" branch="False" />
            <line number="95" hits="3" branch="False" />
            <line number="97" hits="3" branch="False" />
            <line number="98" hits="3" branch="False" />
            <line number="99" hits="3" branch="False" />
          </lines>
        </class>
        <class name="ExecucaoService.Application.Services.ExecucaoAppService/&lt;ListarAsync&gt;d__6" filename="ExecucaoService.Application/Services/ExecucaoAppService.cs" line-rate="1" branch-rate="1" complexity="1">
          <methods>
            <method name="MoveNext" signature="()" line-rate="1" branch-rate="1" complexity="1">
              <lines>
                <line number="53" hits="1" branch="False" />
                <line number="54" hits="1" branch="False" />
                <line number="55" hits="1" branch="False" />
                <line number="56" hits="1" branch="False" />
              </lines>
            </method>
          </methods>
          <lines>
            <line number="53" hits="1" branch="False" />
            <line number="54" hits="1" branch="False" />
            <line number="55" hits="1" branch="False" />
            <line number="56" hits="1" branch="False" />
          </lines>
        </class>
        <class name="ExecucaoService.Application.Services.ExecucaoAppService/&lt;ListarPorStatusAsync&gt;d__7" filename="ExecucaoService.Application/Services/ExecucaoAppService.cs" line-rate="1" branch-rate="1" complexity="1">
          <methods>
            <method name="MoveNext" signature="()" line-rate="1" branch-rate="1" complexity="1">
              <lines>
                <line number="59" hits="1" branch="False" />
                <line number="60" hits="1" branch="False" />
                <line number="61" hits="1" branch="False" />
                <line number="62" hits="1" branch="False" />
              </lines>
            </method>
          </methods>
          <lines>
            <line number="59" hits="1" branch="False" />
            <line number="60" hits="1" branch="False" />
            <line number="61" hits="1" branch="False" />
            <line number="62" hits="1" branch="False" />
          </lines>
        </class>
        <class name="ExecucaoService.Application.Services.ExecucaoAppService/&lt;ObterPorIdAsync&gt;d__4" filename="ExecucaoService.Application/Services/ExecucaoAppService.cs" line-rate="1" branch-rate="1" complexity="2">
          <methods>
            <method name="MoveNext" signature="()" line-rate="1" branch-rate="1" complexity="2">
              <lines>
                <line number="41" hits="3" branch="False" />
                <line number="42" hits="3" branch="False" />
                <line number="43" hits="3" branch="True" condition-coverage="100% (2/2)">
                  <conditions>
                    <condition number="162" type="jump" coverage="100%" />
                  </conditions>
                </line>
                <line number="44" hits="3" branch="False" />
              </lines>
            </method>
          </methods>
          <lines>
            <line number="41" hits="3" branch="False" />
            <line number="42" hits="3" branch="False" />
            <line number="43" hits="3" branch="True" condition-coverage="100% (2/2)">
              <conditions>
                <condition number="162" type="jump" coverage="100%" />
              </conditions>
            </line>
            <line number="44" hits="3" branch="False" />
          </lines>
        </class>
        <class name="ExecucaoService.Application.Services.ExecucaoAppService/&lt;ObterPorOrdemDeServicoAsync&gt;d__5" filename="ExecucaoService.Application/Services/ExecucaoAppService.cs" line-rate="1" branch-rate="1" complexity="2">
          <methods>
            <method name="MoveNext" signature="()" line-rate="1" branch-rate="1" complexity="2">
              <lines>
                <line number="47" hits="2" branch="False" />
                <line number="48" hits="2" branch="False" />
                <line number="49" hits="2" branch="True" condition-coverage="100% (2/2)">
                  <conditions>
                    <condition number="157" type="jump" coverage="100%" />
                  </conditions>
                </line>
                <line number="50" hits="2" branch="False" />
              </lines>
            </method>
          </methods>
          <lines>
            <line number="47" hits="2" branch="False" />
            <line number="48" hits="2" branch="False" />
            <line number="49" hits="2" branch="True" condition-coverage="100% (2/2)">
              <conditions>
                <condition number="157" type="jump" coverage="100%" />
              </conditions>
            </line>
            <line number="50" hits="2" branch="False" />
          </lines>
        </class>
        <class name="ExecucaoService.Application.DTOs.CriarExecucaoDto" filename="ExecucaoService.Application/DTOs/CriarExecucaoDto.cs" line-rate="1" branch-rate="1" complexity="2">
          <methods>
            <method name="get_OrdemDeServicoId" signature="()" line-rate="1" branch-rate="1" complexity="1">
              <lines>
                <line number="5" hits="37" branch="False" />
              </lines>
            </method>
            <method name="get_Tecnico" signature="()" line-rate="1" branch-rate="1" complexity="1">
              <lines>
                <line number="6" hits="36" branch="False" />
              </lines>
            </method>
          </methods>
          <lines>
            <line number="5" hits="37" branch="False" />
            <line number="6" hits="36" branch="False" />
          </lines>
        </class>
        <class name="ExecucaoService.Application.DTOs.AdicionarDiagnosticoDto" filename="ExecucaoService.Application/DTOs/CriarExecucaoDto.cs" line-rate="1" branch-rate="1" complexity="2">
          <methods>
            <method name="get_Descricao" signature="()" line-rate="1" branch-rate="1" complexity="1">
              <lines>
                <line number="11" hits="7" branch="False" />
              </lines>
            </method>
            <method name="get_Resultado" signature="()" line-rate="1" branch-rate="1" complexity="1">
              <lines>
                <line number="12" hits="7" branch="False" />
              </lines>
            </method>
          </methods>
          <lines>
            <line number="11" hits="7" branch="False" />
            <line number="12" hits="7" branch="False" />
          </lines>
        </class>
        <class name="ExecucaoService.Application.DTOs.AdicionarReparoDto" filename="ExecucaoService.Application/DTOs/CriarExecucaoDto.cs" line-rate="1" branch-rate="1" complexity="2">
          <methods>
            <method name="get_Descricao" signature="()" line-rate="1" branch-rate="1" complexity="1">
              <lines>
                <line number="17" hits="7" branch="False" />
              </lines>
            </method>
            <method name="get_CustoEstimado" signature="()" line-rate="1" branch-rate="1" complexity="1">
              <lines>
                <line number="18" hits="5" branch="False" />
              </lines>
            </method>
          </methods>
          <lines>
            <line number="17" hits="7" branch="False" />
            <line number="18" hits="5" branch="False" />
          </lines>
        </class>
        <class name="ExecucaoService.Application.DTOs.ConcluirExecucaoDto" filename="ExecucaoService.Application/DTOs/CriarExecucaoDto.cs" line-rate="1" branch-rate="1" complexity="1">
          <methods>
            <method name="get_ObservacoesTecnicas" signature="()" line-rate="1" branch-rate="1" complexity="1">
              <lines>
                <line number="23" hits="16" branch="False" />
              </lines>
            </method>
          </methods>
          <lines>
            <line number="23" hits="16" branch="False" />
          </lines>
        </class>
        <class name="ExecucaoService.Application.DTOs.ExecucaoDto" filename="ExecucaoService.Application/DTOs/ExecucaoDto.cs" line-rate="1" branch-rate="1" complexity="12">
          <methods>
            <method name="get_Id" signature="()" line-rate="1" branch-rate="1" complexity="1">
              <lines>
                <line number="7" hits="58" branch="False" />
              </lines>
            </method>
            <method name="get_OrdemDeServicoId" signature="()" line-rate="1" branch-rate="1" complexity="1">
              <lines>
                <line number="8" hits="28" branch="False" />
              </lines>
            </method>
            <method name="get_Status" signature="()" line-rate="1" branch-rate="1" complexity="1">
              <lines>
                <line number="9" hits="30" branch="False" />
              </lines>
            </method>
            <method name="get_Tecnico" signature="()" line-rate="1" branch-rate="1" complexity="1">
              <lines>
                <line number="10" hits="28" branch="False" />
              </lines>
            </method>
            <method name="get_ObservacoesTecnicas" signature="()" line-rate="1" branch-rate="1" complexity="1">
              <lines>
                <line number="11" hits="28" branch="False" />
              </lines>
            </method>
            <method name="get_CustoTotalReparos" signature="()" line-rate="1" branch-rate="1" complexity="1">
              <lines>
                <line number="12" hits="28" branch="False" />
              </lines>
            </method>
            <method name="get_DataCriacao" signature="()" line-rate="1" branch-rate="1" complexity="1">
              <lines>
                <line number="13" hits="27" branch="False" />
              </lines>
            </method>
            <method name="get_DataInicioDiagnostico" signature="()" line-rate="1" branch-rate="1" complexity="1">
              <lines>
                <line number="14" hits="27" branch="False" />
              </lines>
            </method>
            <method name="get_DataInicioExecucao" signature="()" line-rate="1" branch-rate="1" complexity="1">
              <lines>
                <line number="15" hits="27" branch="False" />
              </lines>
            </method>
            <method name="get_DataConclusao" signature="()" line-rate="1" branch-rate="1" complexity="1">
              <lines>
                <line number="16" hits="27" branch="False" />
              </lines>
            </method>
            <method name="get_Diagnosticos" signature="()" line-rate="1" branch-rate="1" complexity="1">
              <lines>
                <line number="17" hits="46" branch="False" />
              </lines>
            </method>
            <method name="get_Reparos" signature="()" line-rate="1" branch-rate="1" complexity="1">
              <lines>
                <line number="18" hits="46" branch="False" />
              </lines>
            </method>
          </methods>
          <lines>
            <line number="7" hits="58" branch="False" />
            <line number="8" hits="28" branch="False" />
            <line number="9" hits="30" branch="False" />
            <line number="10" hits="28" branch="False" />
            <line number="11" hits="28" branch="False" />
            <line number="12" hits="28" branch="False" />
            <line number="13" hits="27" branch="False" />
            <line number="14" hits="27" branch="False" />
            <line number="15" hits="27" branch="False" />
            <line number="16" hits="27" branch="False" />
            <line number="17" hits="46" branch="False" />
            <line number="18" hits="46" branch="False" />
          </lines>
        </class>
        <class name="ExecucaoService.Application.DTOs.DiagnosticoItemDto" filename="ExecucaoService.Application/DTOs/ExecucaoDto.cs" line-rate="1" branch-rate="1" complexity="2">
          <methods>
            <method name="get_Descricao" signature="()" line-rate="1" branch-rate="1" complexity="1">
              <lines>
                <line number="23" hits="5" branch="False" />
              </lines>
            </method>
            <method name="get_Resultado" signature="()" line-rate="1" branch-rate="1" complexity="1">
              <lines>
                <line number="24" hits="5" branch="False" />
              </lines>
            </method>
          </methods>
          <lines>
            <line number="23" hits="5" branch="False" />
            <line number="24" hits="5" branch="False" />
          </lines>
        </class>
        <class name="ExecucaoService.Application.DTOs.ReparoDto" filename="ExecucaoService.Application/DTOs/ExecucaoDto.cs" line-rate="1" branch-rate="1" complexity="2">
          <methods>
            <method name="get_Descricao" signature="()" line-rate="1" branch-rate="1" complexity="1">
              <lines>
                <line number="29" hits="5" branch="False" />
              </lines>
            </method>
            <method name="get_CustoEstimado" signature="()" line-rate="1" branch-rate="1" complexity="1">
              <lines>
                <line number="30" hits="3" branch="False" />
              </lines>
            </method>
          </methods>
          <lines>
            <line number="29" hits="5" branch="False" />
            <line number="30" hits="3" branch="False" />
          </lines>
        </class>
        <class name="ExecucaoService.Application.DTOs.ExecucaoListaDto" filename="ExecucaoService.Application/DTOs/ExecucaoDto.cs" line-rate="1" branch-rate="1" complexity="6">
          <methods>
            <method name="get_Id" signature="()" line-rate="1" branch-rate="1" complexity="1">
              <lines>
                <line number="35" hits="22" branch="False" />
              </lines>
            </method>
            <method name="get_OrdemDeServicoId" signature="()" line-rate="1" branch-rate="1" complexity="1">
              <lines>
                <line number="36" hits="15" branch="False" />
              </lines>
            </method>
            <method name="get_Status" signature="()" line-rate="1" branch-rate="1" complexity="1">
              <lines>
                <line number="37" hits="18" branch="False" />
              </lines>
            </method>
            <method name="get_Tecnico" signature="()" line-rate="1" branch-rate="1" complexity="1">
              <lines>
                <line number="38" hits="15" branch="False" />
              </lines>
            </method>
            <method name="get_CustoTotalReparos" signature="()" line-rate="1" branch-rate="1" complexity="1">
              <lines>
                <line number="39" hits="15" branch="False" />
              </lines>
            </method>
            <method name="get_DataCriacao" signature="()" line-rate="1" branch-rate="1" complexity="1">
              <lines>
                <line number="40" hits="15" branch="False" />
              </lines>
            </method>
          </methods>
          <lines>
            <line number="35" hits="22" branch="False" />
            <line number="36" hits="15" branch="False" />
            <line number="37" hits="18" branch="False" />
            <line number="38" hits="15" branch="False" />
            <line number="39" hits="15" branch="False" />
            <line number="40" hits="15" branch="False" />
          </lines>
        </class>
      </classes>
    </package>
    <package name="ExecucaoService.Infrastructure" line-rate="0.4783" branch-rate="0.63" complexity="134">
      <classes>
        <class name="ExecucaoService.Infrastructure.Repositories.ExecucaoRepository" filename="ExecucaoService.Infrastructure/Repositories/ExecucaoRepository.cs" line-rate="1" branch-rate="1" complexity="1">
          <methods>
            <method name=".ctor" signature="(ExecucaoService.Infrastructure.Data.ExecucaoDbContext)" line-rate="1" branch-rate="1" complexity="1">
              <lines>
                <line number="11" hits="28" branch="False" />
                <line number="12" hits="28" branch="False" />
                <line number="13" hits="28" branch="False" />
              </lines>
            </method>
          </methods>
          <lines>
            <line number="11" hits="28" branch="False" />
            <line number="12" hits="28" branch="False" />
            <line number="13" hits="28" branch="False" />
          </lines>
        </class>
        <class name="ExecucaoService.Infrastructure.Repositories.ExecucaoRepository/&lt;ObterAtivasAsync&gt;d__3" filename="ExecucaoService.Infrastructure/Repositories/ExecucaoRepository.cs" line-rate="1" branch-rate="1" complexity="1">
          <methods>
            <method name="MoveNext" signature="()" line-rate="1" branch-rate="1" complexity="1">
              <lines>
                <line number="30" hits="1" branch="False" />
                <line number="31" hits="1" branch="False" />
                <line number="32" hits="1" branch="False" />
                <line number="33" hits="1" branch="False" />
                <line number="34" hits="1" branch="False" />
                <line number="35" hits="1" branch="False" />
                <line number="36" hits="1" branch="False" />
                <line number="37" hits="1" branch="False" />
              </lines>
            </method>
          </methods>
          <lines>
            <line number="30" hits="1" branch="False" />
            <line number="31" hits="1" branch="False" />
            <line number="32" hits="1" branch="False" />
            <line number="33" hits="1" branch="False" />
            <line number="34" hits="1" branch="False" />
            <line number="35" hits="1" branch="False" />
            <line number="36" hits="1" branch="False" />
            <line number="37" hits="1" branch="False" />
          </lines>
        </class>
        <class name="ExecucaoService.Infrastructure.Repositories.ExecucaoRepository/&lt;ObterPorOrdemDeServicoAsync&gt;d__2" filename="ExecucaoService.Infrastructure/Repositories/ExecucaoRepository.cs" line-rate="1" branch-rate="1" complexity="1">
          <methods>
            <method name="MoveNext" signature="()" line-rate="1" branch-rate="1" complexity="1">
              <lines>
                <line number="24" hits="9" branch="False" />
                <line number="25" hits="9" branch="False" />
                <line number="26" hits="9" branch="False" />
                <line number="27" hits="9" branch="False" />
              </lines>
            </method>
          </methods>
          <lines>
            <line number="24" hits="9" branch="False" />
            <line number="25" hits="9" branch="False" />
            <line number="26" hits="9" branch="False" />
            <line number="27" hits="9" branch="False" />
          </lines>
        </class>
        <class name="ExecucaoService.Infrastructure.Repositories.ExecucaoRepository/&lt;ObterPorStatusAsync&gt;d__1" filename="ExecucaoService.Infrastructure/Repositories/ExecucaoRepository.cs" line-rate="1" branch-rate="1" complexity="1">
          <methods>
            <method name="MoveNext" signature="()" line-rate="1" branch-rate="1" complexity="1">
              <lines>
                <line number="16" hits="1" branch="False" />
                <line number="17" hits="1" branch="False" />
                <line number="18" hits="1" branch="False" />
                <line number="19" hits="1" branch="False" />
                <line number="20" hits="1" branch="False" />
                <line number="21" hits="1" branch="False" />
              </lines>
            </method>
          </methods>
          <lines>
            <line number="16" hits="1" branch="False" />
            <line number="17" hits="1" branch="False" />
            <line number="18" hits="1" branch="False" />
            <line number="19" hits="1" branch="False" />
            <line number="20" hits="1" branch="False" />
            <line number="21" hits="1" branch="False" />
          </lines>
        </class>
        <class name="ExecucaoService.Infrastructure.Repositories.GenericRepository`2" filename="ExecucaoService.Infrastructure/Repositories/GenericRepository.cs" line-rate="0.8571" branch-rate="1" complexity="3">
          <methods>
            <method name="Update" signature="(TEntity)" line-rate="1" branch-rate="1" complexity="1">
              <lines>
                <line number="58" hits="12" branch="False" />
              </lines>
            </method>
            <method name="Remove" signature="(TEntity)" line-rate="0" branch-rate="1" complexity="1">
              <lines>
                <line number="59" hits="0" branch="False" />
              </lines>
            </method>
            <method name=".ctor" signature="(TContext)" line-rate="1" branch-rate="1" complexity="1">
              <lines>
                <line number="14" hits="28" branch="False" />
                <line number="15" hits="28" branch="False" />
                <line number="16" hits="28" branch="False" />
                <line number="17" hits="28" branch="False" />
                <line number="18" hits="28" branch="False" />
              </lines>
            </method>
          </methods>
          <lines>
            <line number="58" hits="12" branch="False" />
            <line number="59" hits="0" branch="False" />
            <line number="14" hits="28" branch="False" />
            <line number="15" hits="28" branch="False" />
            <line number="16" hits="28" branch="False" />
            <line number="17" hits="28" branch="False" />
            <line number="18" hits="28" branch="False" />
          </lines>
        </class>
        <class name="ExecucaoService.Infrastructure.Repositories.GenericRepository`2/&lt;&gt;c" filename="ExecucaoService.Infrastructure/Repositories/GenericRepository.cs" line-rate="1" branch-rate="1" complexity="3">
          <methods>
            <method name="&lt;SaveChangesAsync&gt;b__9_0" signature="(Microsoft.EntityFrameworkCore.ChangeTracking.EntityEntry)" line-rate="1" branch-rate="1" complexity="2">
              <lines>
                <line number="64" hits="48" branch="True" condition-coverage="100% (2/2)">
                  <conditions>
                    <condition number="7" type="jump" coverage="100%" />
                  </conditions>
                </line>
              </lines>
            </method>
            <method name="&lt;SaveChangesAsync&gt;b__9_1" signature="(Microsoft.EntityFrameworkCore.ChangeTracking.PropertyEntry)" line-rate="1" branch-rate="1" complexity="1">
              <lines>
                <line number="67" hits="78" branch="False" />
              </lines>
            </method>
          </methods>
          <lines>
            <line number="64" hits="48" branch="True" condition-coverage="100% (2/2)">
              <conditions>
                <condition number="7" type="jump" coverage="100%" />
              </conditions>
            </line>
            <line number="67" hits="78" branch="False" />
          </lines>
        </class>
        <class name="ExecucaoService.Infrastructure.Repositories.GenericRepository`2/&lt;AddAsync&gt;d__6" filename="ExecucaoService.Infrastructure/Repositories/GenericRepository.cs" line-rate="1" branch-rate="1" complexity="1">
          <methods>
            <method name="MoveNext" signature="()" line-rate="1" branch-rate="1" complexity="1">
              <lines>
                <line number="57" hits="9" branch="False" />
              </lines>
            </method>
          </methods>
          <lines>
            <line number="57" hits="9" branch="False" />
          </lines>
        </class>
        <class name="ExecucaoService.Infrastructure.Repositories.GenericRepository`2/&lt;GetAllAsync&gt;d__5" filename="ExecucaoService.Infrastructure/Repositories/GenericRepository.cs" line-rate="0.8" branch-rate="0.6666" complexity="6">
          <methods>
            <method name="MoveNext" signature="()" line-rate="0.8" branch-rate="0.6666" complexity="6">
              <lines>
                <line number="46" hits="1" branch="False" />
                <line number="47" hits="1" branch="False" />
                <line number="48" hits="1" branch="True" condition-coverage="100% (2/2)">
                  <conditions>
                    <condition number="46" type="jump" coverage="100%" />
                  </conditions>
                </line>
                <line number="49" hits="3" branch="True" condition-coverage="50% (1/2)">
                  <conditions>
                    <condition number="147" type="jump" coverage="50%" />
                  </conditions>
                </line>
                <line number="50" hits="0" branch="False" />
                <line number="51" hits="1" branch="True" condition-coverage="50% (1/2)">
                  <conditions>
                    <condition number="167" type="jump" coverage="50%" />
                  </conditions>
                </line>
                <line number="52" hits="0" branch="False" />
                <line number="53" hits="1" branch="False" />
                <line number="54" hits="1" branch="False" />
                <line number="55" hits="1" branch="False" />
              </lines>
            </method>
          </methods>
          <lines>
            <line number="46" hits="1" branch="False" />
            <line number="47" hits="1" branch="False" />
            <line number="48" hits="1" branch="True" condition-coverage="100% (2/2)">
              <conditions>
                <condition number="46" type="jump" coverage="100%" />
              </conditions>
            </line>
            <line number="49" hits="3" branch="True" condition-coverage="50% (1/2)">
              <conditions>
                <condition number="147" type="jump" coverage="50%" />
              </conditions>
            </line>
            <line number="50" hits="0" branch="False" />
            <line number="51" hits="1" branch="True" condition-coverage="50% (1/2)">
              <conditions>
                <condition number="167" type="jump" coverage="50%" />
              </conditions>
            </line>
            <line number="52" hits="0" branch="False" />
            <line number="53" hits="1" branch="False" />
            <line number="54" hits="1" branch="False" />
            <line number="55" hits="1" branch="False" />
          </lines>
        </class>
        <class name="ExecucaoService.Infrastructure.Repositories.GenericRepository`2/&lt;GetAsync&gt;d__4" filename="ExecucaoService.Infrastructure/Repositories/GenericRepository.cs" line-rate="0" branch-rate="0" complexity="4">
          <methods>
            <method name="MoveNext" signature="()" line-rate="0" branch-rate="0" complexity="4">
              <lines>
                <line number="32" hits="0" branch="False" />
                <line number="33" hits="0" branch="False" />
                <line number="34" hits="0" branch="True" condition-coverage="0% (0/2)">
                  <conditions>
                    <condition number="134" type="jump" coverage="0%" />
                  </conditions>
                </line>
                <line number="35" hits="0" branch="False" />
                <line number="36" hits="0" branch="True" condition-coverage="0% (0/2)">
                  <conditions>
                    <condition number="154" type="jump" coverage="0%" />
                  </conditions>
                </line>
                <line number="37" hits="0" branch="False" />
                <line number="38" hits="0" branch="False" />
                <line number="39" hits="0" branch="False" />
              </lines>
            </method>
          </methods>
          <lines>
            <line number="32" hits="0" branch="False" />
            <line number="33" hits="0" branch="False" />
            <line number="34" hits="0" branch="True" condition-coverage="0% (0/2)">
              <conditions>
                <condition number="134" type="jump" coverage="0%" />
              </conditions>
            </line>
            <line number="35" hits="0" branch="False" />
            <line number="36" hits="0" branch="True" condition-coverage="0% (0/2)">
              <conditions>
                <condition number="154" type="jump" coverage="0%" />
              </conditions>
            </line>
            <line number="37" hits="0" branch="False" />
            <line number="38" hits="0" branch="False" />
            <line number="39" hits="0" branch="False" />
          </lines>
        </class>
        <class name="ExecucaoService.Infrastructure.Repositories.GenericRepository`2/&lt;GetByIdAsync&gt;d__3" filename="ExecucaoService.Infrastructure/Repositories/GenericRepository.cs" line-rate="0.5" branch-rate="0.3333" complexity="6">
          <methods>
            <method name="MoveNext" signature="()" line-rate="0.5" branch-rate="0.3333" complexity="6">
              <lines>
                <line number="21" hits="16" branch="False" />
                <line number="22" hits="16" branch="True" condition-coverage="50% (2/4)">
                  <conditions>
                    <condition number="63" type="jump" coverage="50%" />
                    <condition number="80" type="jump" coverage="50%" />
                  </conditions>
                </line>
                <line number="23" hits="16" branch="False" />
                <line number="25" hits="0" branch="False" />
                <line number="26" hits="0" branch="True" condition-coverage="0% (0/2)">
                  <conditions>
                    <condition number="354" type="jump" coverage="0%" />
                  </conditions>
                </line>
                <line number="27" hits="0" branch="False" />
                <line number="28" hits="0" branch="False" />
                <line number="29" hits="16" branch="False" />
              </lines>
            </method>
          </methods>
          <lines>
            <line number="21" hits="16" branch="False" />
            <line number="22" hits="16" branch="True" condition-coverage="50% (2/4)">
              <conditions>
                <condition number="63" type="jump" coverage="50%" />
                <condition number="80" type="jump" coverage="50%" />
              </conditions>
            </line>
            <line number="23" hits="16" branch="False" />
            <line number="25" hits="0" branch="False" />
            <line number="26" hits="0" branch="True" condition-coverage="0% (0/2)">
              <conditions>
                <condition number="354" type="jump" coverage="0%" />
              </conditions>
            </line>
            <line number="27" hits="0" branch="False" />
            <line number="28" hits="0" branch="False" />
            <line number="29" hits="16" branch="False" />
          </lines>
        </class>
        <class name="ExecucaoService.Infrastructure.Repositories.GenericRepository`2/&lt;SaveChangesAsync&gt;d__9" filename="ExecucaoService.Infrastructure/Repositories/GenericRepository.cs" line-rate="1" branch-rate="1" complexity="8">
          <methods>
            <method name="MoveNext" signature="()" line-rate="1" branch-rate="1" complexity="8">
              <lines>
                <line number="62" hits="20" branch="False" />
                <line number="63" hits="20" branch="True" condition-coverage="100% (2/2)">
                  <conditions>
                    <condition number="51" type="jump" coverage="100%" />
                  </conditions>
                </line>
                <line number="65" hits="108" branch="True" condition-coverage="100% (2/2)">
                  <conditions>
                    <condition number="238" type="jump" coverage="100%" />
                  </conditions>
                </line>
                <line number="66" hits="24" branch="False" />
                <line number="68" hits="24" branch="True" condition-coverage="100% (2/2)">
                  <conditions>
                    <condition number="188" type="jump" coverage="100%" />
                  </conditions>
                </line>
                <line number="69" hits="21" branch="False" />
                <line number="70" hits="24" branch="False" />
                <line number="71" hits="20" branch="False" />
                <line number="72" hits="20" branch="False" />
              </lines>
            </method>
          </methods>
          <lines>
            <line number="62" hits="20" branch="False" />
            <line number="63" hits="20" branch="True" condition-coverage="100% (2/2)">
              <conditions>
                <condition number="51" type="jump" coverage="100%" />
              </conditions>
            </line>
            <line number="65" hits="108" branch="True" condition-coverage="100% (2/2)">
              <conditions>
                <condition number="238" type="jump" coverage="100%" />
              </conditions>
            </line>
            <line number="66" hits="24" branch="False" />
            <line number="68" hits="24" branch="True" condition-coverage="100% (2/2)">
              <conditions>
                <condition number="188" type="jump" coverage="100%" />
              </conditions>
            </line>
            <line number="69" hits="21" branch="False" />
            <line number="70" hits="24" branch="False" />
            <line number="71" hits="20" branch="False" />
            <line number="72" hits="20" branch="False" />
          </lines>
        </class>
        <class name="ExecucaoService.Infrastructure.RabbitMQ.ExecucaoTimeoutMonitorService" filename="ExecucaoService.Infrastructure/RabbitMQ/ExecucaoTimeoutMonitorService.cs" line-rate="0.8695" branch-rate="0.3125" complexity="16">
          <methods>
            <method name="EstaExpirada" signature="(ExecucaoService.Domain.Entities.Execucao)" line-rate="0.7" branch-rate="0.1" complexity="10">
              <lines>
                <line number="121" hits="3" branch="False" />
                <line number="122" hits="3" branch="True" condition-coverage="25% (1/4)">
                  <conditions>
                    <condition number="13" type="switch" coverage="25%" />
                  </conditions>
                </line>
                <line number="123" hits="3" branch="False" />
                <line number="124" hits="3" branch="False" />
                <line number="125" hits="0" branch="True" condition-coverage="0% (0/2)">
                  <conditions>
                    <condition number="55" type="jump" coverage="0%" />
                  </conditions>
                </line>
                <line number="126" hits="0" branch="True" condition-coverage="0% (0/4)">
                  <conditions>
                    <condition number="89" type="jump" coverage="0%" />
                    <condition number="106" type="jump" coverage="0%" />
                  </conditions>
                </line>
                <line number="127" hits="0" branch="False" />
                <line number="128" hits="3" branch="False" />
                <line number="130" hits="3" branch="False" />
                <line number="131" hits="3" branch="False" />
              </lines>
            </method>
            <method name=".ctor" signature="(Microsoft.Extensions.DependencyInjection.IServiceScopeFactory,ExecucaoService.Domain.Interfaces.IEventPublisher,Microsoft.Extensions.Configuration.IConfiguration,Microsoft.Extensions.Logging.ILogger`1&lt;ExecucaoService.Infrastructure.RabbitMQ.ExecucaoTimeoutMonitorService&gt;)" line-rate="1" branch-rate="0.6666" complexity="6">
              <lines>
                <line number="23" hits="3" branch="False" />
                <line number="24" hits="3" branch="False" />
                <line number="25" hits="3" branch="False" />
                <line number="26" hits="3" branch="False" />
                <line number="27" hits="3" branch="False" />
                <line number="28" hits="3" branch="False" />
                <line number="29" hits="3" branch="False" />
                <line number="30" hits="3" branch="False" />
                <line number="31" hits="3" branch="False" />
                <line number="33" hits="3" branch="True" condition-coverage="50% (1/2)">
                  <conditions>
                    <condition number="49" type="jump" coverage="50%" />
                  </conditions>
                </line>
                <line number="34" hits="3" branch="True" condition-coverage="50% (1/2)">
                  <conditions>
                    <condition number="79" type="jump" coverage="50%" />
                  </conditions>
                </line>
                <line number="35" hits="3" branch="True" condition-coverage="100% (2/2)">
                  <conditions>
                    <condition number="116" type="jump" coverage="100%" />
                  </conditions>
                </line>
                <line number="36" hits="3" branch="False" />
              </lines>
            </method>
          </methods>
          <lines>
            <line number="121" hits="3" branch="False" />
            <line number="122" hits="3" branch="True" condition-coverage="25% (1/4)">
              <conditions>
                <condition number="13" type="switch" coverage="25%" />
              </conditions>
            </line>
            <line number="123" hits="3" branch="False" />
            <line number="124" hits="3" branch="False" />
            <line number="125" hits="0" branch="True" condition-coverage="0% (0/2)">
              <conditions>
                <condition number="55" type="jump" coverage="0%" />
              </conditions>
            </line>
            <line number="126" hits="0" branch="True" condition-coverage="0% (0/4)">
              <conditions>
                <condition number="89" type="jump" coverage="0%" />
                <condition number="106" type="jump" coverage="0%" />
              </conditions>
            </line>
            <line number="127" hits="0" branch="False" />
            <line number="128" hits="3" branch="False" />
            <line number="130" hits="3" branch="False" />
            <line number="131" hits="3" branch="False" />
            <line number="23" hits="3" branch="False" />
            <line number="24" hits="3" branch="False" />
            <line number="25" hits="3" branch="False" />
            <line number="26" hits="3" branch="False" />
            <line number="27" hits="3" branch="False" />
            <line number="28" hits="3" branch="False" />
            <line number="29" hits="3" branch="False" />
            <line number="30" hits="3" branch="False" />
            <line number="31" hits="3" branch="False" />
            <line number="33" hits="3" branch="True" condition-coverage="50% (1/2)">
              <conditions>
                <condition number="49" type="jump" coverage="50%" />
              </conditions>
            </line>
            <line number="34" hits="3" branch="True" condition-coverage="50% (1/2)">
              <conditions>
                <condition number="79" type="jump" coverage="50%" />
              </conditions>
            </line>
            <line number="35" hits="3" branch="True" condition-coverage="100% (2/2)">
              <conditions>
                <condition number="116" type="jump" coverage="100%" />
              </conditions>
            </line>
            <line number="36" hits="3" branch="False" />
          </lines>
        </class>
        <class name="ExecucaoService.Infrastructure.RabbitMQ.ExecucaoTimeoutMonitorService/&lt;ExecuteAsync&gt;d__7" filename="ExecucaoService.Infrastructure/RabbitMQ/ExecucaoTimeoutMonitorService.cs" line-rate="0" branch-rate="0" complexity="4">
          <methods>
            <method name="MoveNext" signature="()" line-rate="0" branch-rate="0" complexity="4">
              <lines>
                <line number="39" hits="0" branch="False" />
                <line number="40" hits="0" branch="True" condition-coverage="0% (0/2)">
                  <conditions>
                    <condition number="32" type="jump" coverage="0%" />
                  </conditions>
                </line>
                <line number="41" hits="0" branch="False" />
                <line number="42" hits="0" branch="False" />
                <line number="43" hits="0" branch="False" />
                <line number="46" hits="0" branch="False" />
                <line number="48" hits="0" branch="True" condition-coverage="0% (0/2)">
                  <conditions>
                    <condition number="451" type="jump" coverage="0%" />
                  </conditions>
                </line>
                <line number="49" hits="0" branch="False" />
                <line number="51" hits="0" branch="False" />
                <line number="52" hits="0" branch="False" />
                <line number="53" hits="0" branch="False" />
                <line number="54" hits="0" branch="False" />
                <line number="55" hits="0" branch="False" />
                <line number="56" hits="0" branch="False" />
                <line number="57" hits="0" branch="False" />
                <line number="59" hits="0" branch="False" />
                <line number="60" hits="0" branch="False" />
                <line number="61" hits="0" branch="False" />
                <line number="62" hits="0" branch="False" />
                <line number="63" hits="0" branch="False" />
                <line number="64" hits="0" branch="False" />
              </lines>
            </method>
          </methods>
          <lines>
            <line number="39" hits="0" branch="False" />
            <line number="40" hits="0" branch="True" condition-coverage="0% (0/2)">
              <conditions>
                <condition number="32" type="jump" coverage="0%" />
              </conditions>
            </line>
            <line number="41" hits="0" branch="False" />
            <line number="42" hits="0" branch="False" />
            <line number="43" hits="0" branch="False" />
            <line number="46" hits="0" branch="False" />
            <line number="48" hits="0" branch="True" condition-coverage="0% (0/2)">
              <conditions>
                <condition number="451" type="jump" coverage="0%" />
              </conditions>
            </line>
            <line number="49" hits="0" branch="False" />
            <line number="51" hits="0" branch="False" />
            <line number="52" hits="0" branch="False" />
            <line number="53" hits="0" branch="False" />
            <line number="54" hits="0" branch="False" />
            <line number="55" hits="0" branch="False" />
            <line number="56" hits="0" branch="False" />
            <line number="57" hits="0" branch="False" />
            <line number="59" hits="0" branch="False" />
            <line number="60" hits="0" branch="False" />
            <line number="61" hits="0" branch="False" />
            <line number="62" hits="0" branch="False" />
            <line number="63" hits="0" branch="False" />
            <line number="64" hits="0" branch="False" />
          </lines>
        </class>
        <class name="ExecucaoService.Infrastructure.RabbitMQ.ExecucaoTimeoutMonitorService/&lt;VerificarTimeoutsAsync&gt;d__8" filename="ExecucaoService.Infrastructure/RabbitMQ/ExecucaoTimeoutMonitorService.cs" line-rate="1" branch-rate="1" complexity="6">
          <methods>
            <method name="MoveNext" signature="()" line-rate="1" branch-rate="1" complexity="6">
              <lines>
                <line number="67" hits="2" branch="False" />
                <line number="68" hits="2" branch="False" />
                <line number="69" hits="2" branch="False" />
                <line number="70" hits="2" branch="False" />
                <line number="72" hits="2" branch="False" />
                <line number="73" hits="2" branch="False" />
                <line number="74" hits="2" branch="False" />
                <line number="75" hits="2" branch="False" />
                <line number="77" hits="2" branch="True" condition-coverage="100% (2/2)">
                  <conditions>
                    <condition number="313" type="jump" coverage="100%" />
                  </conditions>
                </line>
                <line number="78" hits="1" branch="False" />
                <line number="79" hits="1" branch="False" />
                <line number="82" hits="1" branch="False" />
                <line number="84" hits="5" branch="True" condition-coverage="100% (2/2)">
                  <conditions>
                    <condition number="858" type="jump" coverage="100%" />
                  </conditions>
                </line>
                <line number="85" hits="1" branch="False" />
                <line number="86" hits="1" branch="False" />
                <line number="87" hits="1" branch="False" />
                <line number="89" hits="1" branch="False" />
                <line number="90" hits="1" branch="False" />
                <line number="92" hits="1" branch="False" />
                <line number="93" hits="1" branch="False" />
                <line number="94" hits="1" branch="False" />
                <line number="95" hits="1" branch="False" />
                <line number="96" hits="1" branch="False" />
                <line number="98" hits="1" branch="False" />
                <line number="99" hits="1" branch="False" />
                <line number="100" hits="1" branch="False" />
                <line number="101" hits="1" branch="False" />
                <line number="102" hits="1" branch="False" />
                <line number="103" hits="1" branch="False" />
                <line number="104" hits="1" branch="False" />
                <line number="105" hits="1" branch="False" />
                <line number="106" hits="1" branch="False" />
                <line number="107" hits="1" branch="False" />
                <line number="108" hits="1" branch="False" />
                <line number="110" hits="1" branch="False" />
                <line number="112" hits="5" branch="True" condition-coverage="100% (2/2)">
                  <conditions>
                    <condition number="1194" type="jump" coverage="100%" />
                  </conditions>
                </line>
                <line number="113" hits="1" branch="False" />
                <line number="114" hits="1" branch="False" />
                <line number="115" hits="1" branch="False" />
                <line number="117" hits="1" branch="False" />
                <line number="118" hits="2" branch="False" />
              </lines>
            </method>
          </methods>
          <lines>
            <line number="67" hits="2" branch="False" />
            <line number="68" hits="2" branch="False" />
            <line number="69" hits="2" branch="False" />
            <line number="70" hits="2" branch="False" />
            <line number="72" hits="2" branch="False" />
            <line number="73" hits="2" branch="False" />
            <line number="74" hits="2" branch="False" />
            <line number="75" hits="2" branch="False" />
            <line number="77" hits="2" branch="True" condition-coverage="100% (2/2)">
              <conditions>
                <condition number="313" type="jump" coverage="100%" />
              </conditions>
            </line>
            <line number="78" hits="1" branch="False" />
            <line number="79" hits="1" branch="False" />
            <line number="82" hits="1" branch="False" />
            <line number="84" hits="5" branch="True" condition-coverage="100% (2/2)">
              <conditions>
                <condition number="858" type="jump" coverage="100%" />
              </conditions>
            </line>
            <line number="85" hits="1" branch="False" />
            <line number="86" hits="1" branch="False" />
            <line number="87" hits="1" branch="False" />
            <line number="89" hits="1" branch="False" />
            <line number="90" hits="1" branch="False" />
            <line number="92" hits="1" branch="False" />
            <line number="93" hits="1" branch="False" />
            <line number="94" hits="1" branch="False" />
            <line number="95" hits="1" branch="False" />
            <line number="96" hits="1" branch="False" />
            <line number="98" hits="1" branch="False" />
            <line number="99" hits="1" branch="False" />
            <line number="100" hits="1" branch="False" />
            <line number="101" hits="1" branch="False" />
            <line number="102" hits="1" branch="False" />
            <line number="103" hits="1" branch="False" />
            <line number="104" hits="1" branch="False" />
            <line number="105" hits="1" branch="False" />
            <line number="106" hits="1" branch="False" />
            <line number="107" hits="1" branch="False" />
            <line number="108" hits="1" branch="False" />
            <line number="110" hits="1" branch="False" />
            <line number="112" hits="5" branch="True" condition-coverage="100% (2/2)">
              <conditions>
                <condition number="1194" type="jump" coverage="100%" />
              </conditions>
            </line>
            <line number="113" hits="1" branch="False" />
            <line number="114" hits="1" branch="False" />
            <line number="115" hits="1" branch="False" />
            <line number="117" hits="1" branch="False" />
            <line number="118" hits="2" branch="False" />
          </lines>
        </class>
        <class name="ExecucaoService.Infrastructure.RabbitMQ.RabbitMQPublisher" filename="ExecucaoService.Infrastructure/RabbitMQ/RabbitMQPublisher.cs" line-rate="1" branch-rate="1" complexity="13">
          <methods>
            <method name="ObterRoutingKey" signature="(ExecucaoService.Domain.Events.DomainEvent)" line-rate="1" branch-rate="1" complexity="6">
              <lines>
                <line number="90" hits="5" branch="True" condition-coverage="100% (6/6)">
                  <conditions>
                    <condition number="10" type="jump" coverage="100%" />
                    <condition number="18" type="jump" coverage="100%" />
                    <condition number="26" type="jump" coverage="100%" />
                  </conditions>
                </line>
                <line number="91" hits="5" branch="False" />
                <line number="92" hits="2" branch="False" />
                <line number="93" hits="1" branch="False" />
                <line number="94" hits="1" branch="False" />
                <line number="95" hits="1" branch="False" />
                <line number="96" hits="5" branch="False" />
              </lines>
            </method>
            <method name="CriarPayload" signature="(ExecucaoService.Domain.Events.DomainEvent)" line-rate="1" branch-rate="1" complexity="6">
              <lines>
                <line number="98" hits="5" branch="True" condition-coverage="100% (6/6)">
                  <conditions>
                    <condition number="12" type="jump" coverage="100%" />
                    <condition number="22" type="jump" coverage="100%" />
                    <condition number="32" type="jump" coverage="100%" />
                  </conditions>
                </line>
                <line number="99" hits="5" branch="False" />
                <line number="100" hits="2" branch="False" />
                <line number="101" hits="2" branch="False" />
                <line number="102" hits="2" branch="False" />
                <line number="103" hits="2" branch="False" />
                <line number="104" hits="2" branch="False" />
                <line number="105" hits="2" branch="False" />
                <line number="106" hits="2" branch="False" />
                <line number="107" hits="1" branch="False" />
                <line number="108" hits="1" branch="False" />
                <line number="109" hits="1" branch="False" />
                <line number="110" hits="1" branch="False" />
                <line number="111" hits="1" branch="False" />
                <line number="112" hits="1" branch="False" />
                <line number="113" hits="1" branch="False" />
                <line number="114" hits="1" branch="False" />
                <line number="115" hits="1" branch="False" />
                <line number="116" hits="1" branch="False" />
                <line number="117" hits="1" branch="False" />
                <line number="118" hits="1" branch="False" />
                <line number="119" hits="1" branch="False" />
                <line number="120" hits="1" branch="False" />
                <line number="121" hits="1" branch="False" />
                <line number="122" hits="1" branch="False" />
                <line number="123" hits="5" branch="False" />
              </lines>
            </method>
            <method name=".ctor" signature="(Microsoft.Extensions.Logging.ILogger`1&lt;ExecucaoService.Infrastructure.RabbitMQ.RabbitMQPublisher&gt;,RabbitMQ.Client.IConnection,RabbitMQ.Client.IChannel)" line-rate="1" branch-rate="1" complexity="1">
              <lines>
                <line number="18" hits="6" branch="False" />
                <line number="19" hits="6" branch="False" />
                <line number="20" hits="6" branch="False" />
                <line number="21" hits="6" branch="False" />
                <line number="22" hits="6" branch="False" />
                <line number="23" hits="6" branch="False" />
              </lines>
            </method>
          </methods>
          <lines>
            <line number="90" hits="5" branch="True" condition-coverage="100% (6/6)">
              <conditions>
                <condition number="10" type="jump" coverage="100%" />
                <condition number="18" type="jump" coverage="100%" />
                <condition number="26" type="jump" coverage="100%" />
              </conditions>
            </line>
            <line number="91" hits="5" branch="False" />
            <line number="92" hits="2" branch="False" />
            <line number="93" hits="1" branch="False" />
            <line number="94" hits="1" branch="False" />
            <line number="95" hits="1" branch="False" />
            <line number="96" hits="5" branch="False" />
            <line number="98" hits="5" branch="True" condition-coverage="100% (6/6)">
              <conditions>
                <condition number="12" type="jump" coverage="100%" />
                <condition number="22" type="jump" coverage="100%" />
                <condition number="32" type="jump" coverage="100%" />
              </conditions>
            </line>
            <line number="99" hits="5" branch="False" />
            <line number="100" hits="2" branch="False" />
            <line number="101" hits="2" branch="False" />
            <line number="102" hits="2" branch="False" />
            <line number="103" hits="2" branch="False" />
            <line number="104" hits="2" branch="False" />
            <line number="105" hits="2" branch="False" />
            <line number="106" hits="2" branch="False" />
            <line number="107" hits="1" branch="False" />
            <line number="108" hits="1" branch="False" />
            <line number="109" hits="1" branch="False" />
            <line number="110" hits="1" branch="False" />
            <line number="111" hits="1" branch="False" />
            <line number="112" hits="1" branch="False" />
            <line number="113" hits="1" branch="False" />
            <line number="114" hits="1" branch="False" />
            <line number="115" hits="1" branch="False" />
            <line number="116" hits="1" branch="False" />
            <line number="117" hits="1" branch="False" />
            <line number="118" hits="1" branch="False" />
            <line number="119" hits="1" branch="False" />
            <line number="120" hits="1" branch="False" />
            <line number="121" hits="1" branch="False" />
            <line number="122" hits="1" branch="False" />
            <line number="123" hits="5" branch="False" />
            <line number="18" hits="6" branch="False" />
            <line number="19" hits="6" branch="False" />
            <line number="20" hits="6" branch="False" />
            <line number="21" hits="6" branch="False" />
            <line number="22" hits="6" branch="False" />
            <line number="23" hits="6" branch="False" />
          </lines>
        </class>
        <class name="ExecucaoService.Infrastructure.RabbitMQ.RabbitMQPublisher/&lt;CreateAsync&gt;d__5" filename="ExecucaoService.Infrastructure/RabbitMQ/RabbitMQPublisher.cs" line-rate="0.5294" branch-rate="0.5" complexity="8">
          <methods>
            <method name="MoveNext" signature="()" line-rate="0.5294" branch-rate="0.5" complexity="8">
              <lines>
                <line number="26" hits="1" branch="False" />
                <line number="27" hits="1" branch="True" condition-coverage="50% (4/8)">
                  <conditions>
                    <condition number="67" type="jump" coverage="50%" />
                    <condition number="99" type="jump" coverage="50%" />
                    <condition number="136" type="jump" coverage="50%" />
                    <condition number="168" type="jump" coverage="50%" />
                  </conditions>
                </line>
                <line number="28" hits="1" branch="False" />
                <line number="29" hits="1" branch="False" />
                <line number="30" hits="1" branch="False" />
                <line number="31" hits="1" branch="False" />
                <line number="32" hits="1" branch="False" />
                <line number="33" hits="1" branch="False" />
                <line number="35" hits="1" branch="False" />
                <line number="36" hits="0" branch="False" />
                <line number="38" hits="0" branch="False" />
                <line number="39" hits="0" branch="False" />
                <line number="40" hits="0" branch="False" />
[...]
                <line number="20" hits="2" branch="True" condition-coverage="50% (1/2)">
                  <conditions>
                    <condition number="47" type="jump" coverage="50%" />
                  </conditions>
                </line>
                <line number="21" hits="0" branch="False" />
                <line number="23" hits="2" branch="False" />
                <line number="24" hits="2" branch="False" />
                <line number="25" hits="2" branch="False" />
              </lines>
            </method>
          </methods>
          <lines>
            <line number="9" hits="1" branch="False" />
            <line number="12" hits="4" branch="False" />
            <line number="14" hits="12" branch="False" />
            <line number="16" hits="2" branch="False" />
            <line number="17" hits="2" branch="False" />
            <line number="18" hits="2" branch="True" condition-coverage="50% (1/2)">
              <conditions>
                <condition number="16" type="jump" coverage="50%" />
              </conditions>
            </line>
            <line number="19" hits="0" branch="False" />
            <line number="20" hits="2" branch="True" condition-coverage="50% (1/2)">
              <conditions>
                <condition number="47" type="jump" coverage="50%" />
              </conditions>
            </line>
            <line number="21" hits="0" branch="False" />
            <line number="23" hits="2" branch="False" />
            <line number="24" hits="2" branch="False" />
            <line number="25" hits="2" branch="False" />
          </lines>
        </class>
        <class name="ExecucaoService.Domain.Events.DomainEvent" filename="ExecucaoService.Domain/Events/ExecucaoEvents.cs" line-rate="1" branch-rate="1" complexity="1">
          <methods>
            <method name="get_EventType" signature="()" line-rate="1" branch-rate="1" complexity="1">
              <lines>
                <line number="3" hits="39" branch="False" />
              </lines>
            </method>
          </methods>
          <lines>
            <line number="3" hits="39" branch="False" />
          </lines>
        </class>
        <class name="ExecucaoService.Domain.Events.ExecucaoIniciadaEvent" filename="ExecucaoService.Domain/Events/ExecucaoEvents.cs" line-rate="1" branch-rate="1" complexity="3">
          <methods>
            <method name="get_ExecucaoId" signature="()" line-rate="1" branch-rate="1" complexity="1">
              <lines>
                <line number="6" hits="2" branch="False" />
              </lines>
            </method>
            <method name="get_OrdemDeServicoId" signature="()" line-rate="1" branch-rate="1" complexity="1">
              <lines>
                <line number="7" hits="3" branch="False" />
              </lines>
            </method>
            <method name=".ctor" signature="(System.Guid,System.Guid,System.DateTime,System.String)" line-rate="1" branch-rate="1" complexity="1">
              <lines>
                <line number="10" hits="5" branch="False" />
              </lines>
            </method>
          </methods>
          <lines>
            <line number="6" hits="2" branch="False" />
            <line number="7" hits="3" branch="False" />
            <line number="10" hits="5" branch="False" />
          </lines>
        </class>
        <class name="ExecucaoService.Domain.Events.ExecucaoFinalizadaEvent" filename="ExecucaoService.Domain/Events/ExecucaoEvents.cs" line-rate="1" branch-rate="1" complexity="3">
          <methods>
            <method name="get_ExecucaoId" signature="()" line-rate="1" branch-rate="1" complexity="1">
              <lines>
                <line number="13" hits="2" branch="False" />
              </lines>
            </method>
            <method name="get_OrdemDeServicoId" signature="()" line-rate="1" branch-rate="1" complexity="1">
              <lines>
                <line number="14" hits="2" branch="False" />
              </lines>
            </method>
            <method name=".ctor" signature="(System.Guid,System.Guid,System.DateTime,System.String)" line-rate="1" branch-rate="1" complexity="1">
              <lines>
                <line number="17" hits="4" branch="False" />
              </lines>
            </method>
          </methods>
          <lines>
            <line number="13" hits="2" branch="False" />
            <line number="14" hits="2" branch="False" />
            <line number="17" hits="4" branch="False" />
          </lines>
        </class>
        <class name="ExecucaoService.Domain.Events.ExecucaoFalhouEvent" filename="ExecucaoService.Domain/Events/ExecucaoEvents.cs" line-rate="1" branch-rate="1" complexity="4">
          <methods>
            <method name="get_ExecucaoId" signature="()" line-rate="1" branch-rate="1" complexity="1">
              <lines>
                <line number="20" hits="2" branch="False" />
              </lines>
            </method>
            <method name="get_OrdemDeServicoId" signature="()" line-rate="1" branch-rate="1" complexity="1">
              <lines>
                <line number="21" hits="2" branch="False" />
              </lines>
            </method>
            <method name="get_Motivo" signature="()" line-rate="1" branch-rate="1" complexity="1">
              <lines>
                <line number="22" hits="2" branch="False" />
              </lines>
            </method>
            <method name=".ctor" signature="(System.Guid,System.Guid,System.String,System.DateTime,System.String)" line-rate="1" branch-rate="1" complexity="1">
              <lines>
                <line number="25" hits="3" branch="False" />
              </lines>
            </method>
          </methods>
          <lines>
            <line number="20" hits="2" branch="False" />
            <line number="21" hits="2" branch="False" />
            <line number="22" hits="2" branch="False" />
            <line number="25" hits="3" branch="False" />
          </lines>
        </class>
        <class name="ExecucaoService.Domain.Entities.Base" filename="ExecucaoService.Domain/Entities/Base.cs" line-rate="0.6666" branch-rate="1" complexity="3">
          <methods>
            <method name="get_Id" signature="()" line-rate="1" branch-rate="1" complexity="1">
              <lines>
                <line number="8" hits="33" branch="False" />
              </lines>
            </method>
            <method name="get_DataCriacao" signature="()" line-rate="1" branch-rate="1" complexity="1">
              <lines>
                <line number="11" hits="35" branch="False" />
              </lines>
            </method>
            <method name="get_DataAtualizacao" signature="()" line-rate="0" branch-rate="1" complexity="1">
              <lines>
                <line number="14" hits="0" branch="False" />
              </lines>
            </method>
          </methods>
          <lines>
            <line number="8" hits="33" branch="False" />
            <line number="11" hits="35" branch="False" />
            <line number="14" hits="0" branch="False" />
          </lines>
        </class>
        <class name="ExecucaoService.Domain.Entities.Execucao" filename="ExecucaoService.Domain/Entities/Execucao.cs" line-rate="0.862" branch-rate="0.4" complexity="28">
          <methods>
            <method name="get_OrdemDeServicoId" signature="()" line-rate="1" branch-rate="1" complexity="1">
              <lines>
                <line number="18" hits="43" branch="False" />
              </lines>
            </method>
            <method name="get_Tecnico" signature="()" line-rate="1" branch-rate="1" complexity="1">
              <lines>
                <line number="21" hits="20" branch="False" />
              </lines>
            </method>
            <method name="get_Status" signature="()" line-rate="1" branch-rate="1" complexity="1">
              <lines>
                <line number="24" hits="73" branch="False" />
              </lines>
            </method>
            <method name="get_DataInicioDiagnostico" signature="()" line-rate="1" branch-rate="1" complexity="1">
              <lines>
                <line number="26" hits="15" branch="False" />
              </lines>
            </method>
            <method name="get_DataInicioExecucao" signature="()" line-rate="1" branch-rate="1" complexity="1">
              <lines>
                <line number="27" hits="14" branch="False" />
              </lines>
            </method>
            <method name="get_DataConclusao" signature="()" line-rate="1" branch-rate="1" complexity="1">
              <lines>
                <line number="28" hits="15" branch="False" />
              </lines>
            </method>
            <method name="get_ObservacoesTecnicas" signature="()" line-rate="1" branch-rate="1" complexity="1">
              <lines>
                <line number="31" hits="11" branch="False" />
              </lines>
            </method>
            <method name="get_Diagnosticos" signature="()" line-rate="1" branch-rate="1" complexity="1">
              <lines>
                <line number="34" hits="9" branch="False" />
              </lines>
            </method>
            <method name="get_Reparos" signature="()" line-rate="1" branch-rate="1" complexity="1">
              <lines>
                <line number="37" hits="9" branch="False" />
              </lines>
            </method>
            <method name="get_CustoTotalReparos" signature="()" line-rate="1" branch-rate="1" complexity="1">
              <lines>
                <line number="39" hits="17" branch="False" />
              </lines>
            </method>
            <method name="AdicionarDiagnostico" signature="(ExecucaoService.Domain.ValueObjects.DiagnosticoItem)" line-rate="1" branch-rate="1" complexity="1">
              <lines>
                <line number="41" hits="1" branch="False" />
              </lines>
            </method>
            <method name="AdicionarReparo" signature="(ExecucaoService.Domain.ValueObjects.Reparo)" line-rate="1" branch-rate="1" complexity="1">
              <lines>
                <line number="42" hits="2" branch="False" />
              </lines>
            </method>
            <method name="DefinirTecnico" signature="(System.String)" line-rate="0.8" branch-rate="0.5" complexity="2">
              <lines>
                <line number="45" hits="6" branch="False" />
                <line number="46" hits="6" branch="True" condition-coverage="50% (1/2)">
                  <conditions>
                    <condition number="9" type="jump" coverage="50%" />
                  </conditions>
                </line>
                <line number="47" hits="0" branch="False" />
                <line number="48" hits="6" branch="False" />
                <line number="49" hits="6" branch="False" />
              </lines>
            </method>
            <method name="DefinirObservacoes" signature="(System.String)" line-rate="1" branch-rate="1" complexity="1">
              <lines>
                <line number="52" hits="2" branch="False" />
                <line number="53" hits="2" branch="False" />
                <line number="54" hits="2" branch="False" />
              </lines>
            </method>
            <method name="IniciarDiagnostico" signature="()" line-rate="1" branch-rate="1" complexity="1">
              <lines>
                <line number="57" hits="6" branch="False" />
                <line number="58" hits="6" branch="False" />
                <line number="59" hits="6" branch="False" />
                <line number="60" hits="6" branch="False" />
              </lines>
            </method>
            <method name="IniciarExecucao" signature="()" line-rate="1" branch-rate="1" complexity="1">
              <lines>
                <line number="63" hits="5" branch="False" />
                <line number="64" hits="5" branch="False" />
                <line number="65" hits="5" branch="False" />
                <line number="66" hits="5" branch="False" />
              </lines>
            </method>
            <method name="Concluir" signature="()" line-rate="1" branch-rate="1" complexity="1">
              <lines>
                <line number="69" hits="4" branch="False" />
                <line number="70" hits="4" branch="False" />
                <line number="71" hits="4" branch="False" />
                <line number="72" hits="4" branch="False" />
              </lines>
            </method>
            <method name="Cancelar" signature="()" line-rate="1" branch-rate="1" complexity="2">
              <lines>
                <line number="75" hits="3" branch="False" />
                <line number="76" hits="3" branch="True" condition-coverage="100% (2/2)">
                  <conditions>
                    <condition number="12" type="jump" coverage="100%" />
                  </conditions>
                </line>
                <line number="77" hits="1" branch="False" />
                <line number="79" hits="2" branch="False" />
                <line number="80" hits="2" branch="False" />
                <line number="81" hits="2" branch="False" />
              </lines>
            </method>
            <method name="get_TempoExecucao" signature="()" line-rate="0" branch-rate="0" complexity="4">
              <lines>
                <line number="86" hits="0" branch="False" />
                <line number="87" hits="0" branch="True" condition-coverage="0% (0/4)">
                  <conditions>
                    <condition number="15" type="jump" coverage="0%" />
                    <condition number="36" type="jump" coverage="0%" />
                  </conditions>
                </line>
                <line number="88" hits="0" branch="False" />
                <line number="89" hits="0" branch="False" />
                <line number="90" hits="0" branch="False" />
              </lines>
            </method>
            <method name="AtualizarStatus" signature="(ExecucaoService.Domain.Enums.ExecucaoStatus,ExecucaoService.Domain.Enums.ExecucaoStatus)" line-rate="0.6666" branch-rate="0.5" complexity="2">
              <lines>
                <line number="94" hits="15" branch="False" />
                <line number="95" hits="15" branch="True" condition-coverage="50% (1/2)">
                  <conditions>
                    <condition number="15" type="jump" coverage="50%" />
                  </conditions>
                </line>
                <line number="96" hits="0" branch="False" />
                <line number="97" hits="0" branch="False" />
                <line number="99" hits="15" branch="False" />
                <line number="100" hits="15" branch="False" />
              </lines>
            </method>
            <method name=".ctor" signature="()" line-rate="1" branch-rate="1" complexity="1">
              <lines>
                <line number="9" hits="63" branch="False" />
                <line number="33" hits="36" branch="False" />
                <line number="36" hits="36" branch="False" />
              </lines>
            </method>
            <method name=".ctor" signature="(System.Guid)" line-rate="1" branch-rate="1" complexity="1">
              <lines>
                <line number="11" hits="15" branch="False" />
                <line number="12" hits="15" branch="False" />
                <line number="13" hits="15" branch="False" />
                <line number="14" hits="15" branch="False" />
                <line number="15" hits="15" branch="False" />
                <line number="16" hits="15" branch="False" />
              </lines>
            </method>
          </methods>
          <lines>
            <line number="18" hits="43" branch="False" />
            <line number="21" hits="20" branch="False" />
            <line number="24" hits="73" branch="False" />
            <line number="26" hits="15" branch="False" />
            <line number="27" hits="14" branch="False" />
            <line number="28" hits="15" branch="False" />
            <line number="31" hits="11" branch="False" />
            <line number="34" hits="9" branch="False" />
            <line number="37" hits="9" branch="False" />
            <line number="39" hits="17" branch="False" />
            <line number="41" hits="1" branch="False" />
            <line number="42" hits="2" branch="False" />
            <line number="45" hits="6" branch="False" />
            <line number="46" hits="6" branch="True" condition-coverage="50% (1/2)">
              <conditions>
                <condition number="9" type="jump" coverage="50%" />
              </conditions>
            </line>
            <line number="47" hits="0" branch="False" />
            <line number="48" hits="6" branch="False" />
            <line number="49" hits="6" branch="False" />
            <line number="52" hits="2" branch="False" />
            <line number="53" hits="2" branch="False" />
            <line number="54" hits="2" branch="False" />
            <line number="57" hits="6" branch="False" />
            <line number="58" hits="6" branch="False" />
            <line number="59" hits="6" branch="False" />
            <line number="60" hits="6" branch="False" />
            <line number="63" hits="5" branch="False" />
            <line number="64" hits="5" branch="False" />
            <line number="65" hits="5" branch="False" />
            <line number="66" hits="5" branch="False" />
            <line number="69" hits="4" branch="False" />
            <line number="70" hits="4" branch="False" />
            <line number="71" hits="4" branch="False" />
            <line number="72" hits="4" branch="False" />
            <line number="75" hits="3" branch="False" />
            <line number="76" hits="3" branch="True" condition-coverage="100% (2/2)">
              <conditions>
                <condition number="12" type="jump" coverage="100%" />
              </conditions>
            </line>
            <line number="77" hits="1" branch="False" />
            <line number="79" hits="2" branch="False" />
            <line number="80" hits="2" branch="False" />
            <line number="81" hits="2" branch="False" />
            <line number="86" hits="0" branch="False" />
            <line number="87" hits="0" branch="True" condition-coverage="0% (0/4)">
              <conditions>
                <condition number="15" type="jump" coverage="0%" />
                <condition number="36" type="jump" coverage="0%" />
              </conditions>
            </line>
            <line number="88" hits="0" branch="False" />
            <line number="89" hits="0" branch="False" />
            <line number="90" hits="0" branch="False" />
            <line number="94" hits="15" branch="False" />
            <line number="95" hits="15" branch="True" condition-coverage="50% (1/2)">
              <conditions>
                <condition number="15" type="jump" coverage="50%" />
              </conditions>
            </line>
            <line number="96" hits="0" branch="False" />
            <line number="97" hits="0" branch="False" />
            <line number="99" hits="15" branch="False" />
            <line number="100" hits="15" branch="False" />
            <line number="9" hits="63" branch="False" />
            <line number="33" hits="36" branch="False" />
            <line number="36" hits="36" branch="False" />
            <line number="11" hits="15" branch="False" />
            <line number="12" hits="15" branch="False" />
            <line number="13" hits="15" branch="False" />
            <line number="14" hits="15" branch="False" />
            <line number="15" hits="15" branch="False" />
            <line number="16" hits="15" branch="False" />
          </lines>
        </class>
      </classes>
    </package>
  </packages>
</coverage>